{"/opt/gestao-networking/frontend/app/layout.tsx": {"path":"/opt/gestao-networking/frontend/app/layout.tsx","statementMap":{"0":{"start":{"line":16,"column":24},"end":{"line":16,"column":35}},"1":{"start":{"line":11,"column":13},"end":{"line":11,"column":34}},"2":{"start":{"line":3,"column":34},"end":{"line":3,"column":null}},"3":{"start":{"line":4,"column":26},"end":{"line":4,"column":null}},"4":{"start":{"line":5,"column":7},"end":{"line":5,"column":null}},"5":{"start":{"line":6,"column":30},"end":{"line":6,"column":null}},"6":{"start":{"line":8,"column":15},"end":{"line":8,"column":null}},"7":{"start":{"line":9,"column":19},"end":{"line":9,"column":null}},"8":{"start":{"line":11,"column":34},"end":{"line":14,"column":null}}},"fnMap":{"0":{"name":"RootLayout","decl":{"start":{"line":16,"column":24},"end":{"line":16,"column":35}},"loc":{"start":{"line":20,"column":2},"end":{"line":31,"column":null}}}},"branchMap":{},"s":{"0":0,"1":0,"2":0,"3":0,"4":0,"5":0,"6":0,"7":0,"8":0},"f":{"0":0},"b":{}}
,"/opt/gestao-networking/frontend/app/page.tsx": {"path":"/opt/gestao-networking/frontend/app/page.tsx","statementMap":{"0":{"start":{"line":6,"column":24},"end":{"line":6,"column":null}},"1":{"start":{"line":1,"column":17},"end":{"line":1,"column":null}},"2":{"start":{"line":2,"column":23},"end":{"line":2,"column":null}},"3":{"start":{"line":3,"column":34},"end":{"line":3,"column":null}},"4":{"start":{"line":4,"column":47},"end":{"line":4,"column":null}}},"fnMap":{"0":{"name":"HomePage","decl":{"start":{"line":6,"column":24},"end":{"line":6,"column":null}},"loc":{"start":{"line":6,"column":24},"end":{"line":75,"column":null}}}},"branchMap":{},"s":{"0":0,"1":0,"2":0,"3":0,"4":0},"f":{"0":0},"b":{}}
,"/opt/gestao-networking/frontend/app/admin/page.tsx": {"path":"/opt/gestao-networking/frontend/app/admin/page.tsx","statementMap":{"0":{"start":{"line":151,"column":24},"end":{"line":151,"column":null}},"1":{"start":{"line":3,"column":42},"end":{"line":3,"column":null}},"2":{"start":{"line":4,"column":23},"end":{"line":4,"column":null}},"3":{"start":{"line":5,"column":74},"end":{"line":5,"column":null}},"4":{"start":{"line":6,"column":22},"end":{"line":6,"column":null}},"5":{"start":{"line":7,"column":22},"end":{"line":7,"column":null}},"6":{"start":{"line":8,"column":22},"end":{"line":8,"column":null}},"7":{"start":{"line":9,"column":48},"end":{"line":9,"column":null}},"8":{"start":{"line":10,"column":17},"end":{"line":10,"column":null}},"9":{"start":{"line":11,"column":62},"end":{"line":11,"column":null}},"10":{"start":{"line":12,"column":34},"end":{"line":12,"column":null}},"11":{"start":{"line":13,"column":20},"end":{"line":13,"column":null}},"12":{"start":{"line":14,"column":22},"end":{"line":14,"column":null}},"13":{"start":{"line":28,"column":22},"end":{"line":28,"column":null}},"14":{"start":{"line":29,"column":31},"end":{"line":29,"column":null}},"15":{"start":{"line":31,"column":26},"end":{"line":43,"column":null}},"16":{"start":{"line":32,"column":39},"end":{"line":32,"column":null}},"17":{"start":{"line":34,"column":6},"end":{"line":34,"column":null}},"18":{"start":{"line":35,"column":6},"end":{"line":35,"column":null}},"19":{"start":{"line":36,"column":6},"end":{"line":38,"column":null}},"20":{"start":{"line":37,"column":8},"end":{"line":37,"column":null}},"21":{"start":{"line":41,"column":6},"end":{"line":41,"column":null}},"22":{"start":{"line":45,"column":25},"end":{"line":54,"column":null}},"23":{"start":{"line":46,"column":39},"end":{"line":46,"column":null}},"24":{"start":{"line":48,"column":6},"end":{"line":48,"column":null}},"25":{"start":{"line":49,"column":6},"end":{"line":49,"column":null}},"26":{"start":{"line":52,"column":6},"end":{"line":52,"column":null}},"27":{"start":{"line":56,"column":18},"end":{"line":58,"column":null}},"28":{"start":{"line":57,"column":4},"end":{"line":57,"column":null}},"29":{"start":{"line":60,"column":18},"end":{"line":62,"column":null}},"30":{"start":{"line":61,"column":4},"end":{"line":61,"column":null}},"31":{"start":{"line":64,"column":25},"end":{"line":78,"column":null}},"32":{"start":{"line":65,"column":4},"end":{"line":77,"column":null}},"33":{"start":{"line":105,"column":16},"end":{"line":105,"column":36}},"34":{"start":{"line":130,"column":47},"end":{"line":130,"column":72}},"35":{"start":{"line":134,"column":47},"end":{"line":134,"column":72}},"36":{"start":{"line":152,"column":48},"end":{"line":152,"column":null}},"37":{"start":{"line":153,"column":34},"end":{"line":153,"column":null}},"38":{"start":{"line":154,"column":28},"end":{"line":154,"column":null}},"39":{"start":{"line":156,"column":22},"end":{"line":166,"column":null}},"40":{"start":{"line":157,"column":4},"end":{"line":157,"column":null}},"41":{"start":{"line":158,"column":26},"end":{"line":158,"column":null}},"42":{"start":{"line":160,"column":4},"end":{"line":165,"column":null}},"43":{"start":{"line":161,"column":6},"end":{"line":161,"column":null}},"44":{"start":{"line":162,"column":6},"end":{"line":162,"column":null}},"45":{"start":{"line":164,"column":6},"end":{"line":164,"column":null}},"46":{"start":{"line":168,"column":2},"end":{"line":213,"column":null}},"47":{"start":{"line":196,"column":37},"end":{"line":196,"column":null}}},"fnMap":{"0":{"name":"AdminPageContent","decl":{"start":{"line":27,"column":9},"end":{"line":27,"column":null}},"loc":{"start":{"line":27,"column":9},"end":{"line":149,"column":null}}},"1":{"name":"(anonymous_6)","decl":{"start":{"line":32,"column":16},"end":{"line":32,"column":17}},"loc":{"start":{"line":32,"column":39},"end":{"line":32,"column":null}}},"2":{"name":"(anonymous_7)","decl":{"start":{"line":33,"column":15},"end":{"line":33,"column":16}},"loc":{"start":{"line":33,"column":16},"end":{"line":39,"column":null}}},"3":{"name":"(anonymous_8)","decl":{"start":{"line":40,"column":13},"end":{"line":40,"column":14}},"loc":{"start":{"line":40,"column":14},"end":{"line":42,"column":null}}},"4":{"name":"(anonymous_9)","decl":{"start":{"line":46,"column":16},"end":{"line":46,"column":17}},"loc":{"start":{"line":46,"column":39},"end":{"line":46,"column":null}}},"5":{"name":"(anonymous_10)","decl":{"start":{"line":47,"column":15},"end":{"line":47,"column":null}},"loc":{"start":{"line":47,"column":15},"end":{"line":50,"column":null}}},"6":{"name":"(anonymous_11)","decl":{"start":{"line":51,"column":13},"end":{"line":51,"column":14}},"loc":{"start":{"line":51,"column":14},"end":{"line":53,"column":null}}},"7":{"name":"(anonymous_12)","decl":{"start":{"line":56,"column":18},"end":{"line":56,"column":19}},"loc":{"start":{"line":56,"column":19},"end":{"line":58,"column":null}}},"8":{"name":"(anonymous_13)","decl":{"start":{"line":60,"column":18},"end":{"line":60,"column":19}},"loc":{"start":{"line":60,"column":19},"end":{"line":62,"column":null}}},"9":{"name":"(anonymous_14)","decl":{"start":{"line":64,"column":25},"end":{"line":64,"column":26}},"loc":{"start":{"line":64,"column":26},"end":{"line":78,"column":null}}},"10":{"name":"(anonymous_15)","decl":{"start":{"line":104,"column":30},"end":{"line":104,"column":31}},"loc":{"start":{"line":105,"column":16},"end":{"line":105,"column":36}}},"11":{"name":"(anonymous_16)","decl":{"start":{"line":130,"column":41},"end":{"line":130,"column":47}},"loc":{"start":{"line":130,"column":47},"end":{"line":130,"column":72}}},"12":{"name":"(anonymous_17)","decl":{"start":{"line":134,"column":41},"end":{"line":134,"column":47}},"loc":{"start":{"line":134,"column":47},"end":{"line":134,"column":72}}},"13":{"name":"AdminPage","decl":{"start":{"line":151,"column":24},"end":{"line":151,"column":null}},"loc":{"start":{"line":151,"column":24},"end":{"line":220,"column":null}}},"14":{"name":"(anonymous_19)","decl":{"start":{"line":156,"column":22},"end":{"line":156,"column":23}},"loc":{"start":{"line":156,"column":23},"end":{"line":166,"column":null}}},"15":{"name":"(anonymous_20)","decl":{"start":{"line":196,"column":30},"end":{"line":196,"column":31}},"loc":{"start":{"line":196,"column":37},"end":{"line":196,"column":null}}}},"branchMap":{"0":{"loc":{"start":{"line":36,"column":6},"end":{"line":38,"column":null}},"type":"if","locations":[{"start":{"line":36,"column":6},"end":{"line":38,"column":null}},{"start":{},"end":{}}]},"1":{"loc":{"start":{"line":36,"column":10},"end":{"line":36,"column":52}},"type":"binary-expr","locations":[{"start":{"line":36,"column":10},"end":{"line":36,"column":26}},{"start":{"line":36,"column":30},"end":{"line":36,"column":52}}]},"2":{"loc":{"start":{"line":41,"column":18},"end":{"line":41,"column":null}},"type":"binary-expr","locations":[{"start":{"line":41,"column":18},"end":{"line":41,"column":31}},{"start":{"line":41,"column":35},"end":{"line":41,"column":null}}]},"3":{"loc":{"start":{"line":52,"column":18},"end":{"line":52,"column":null}},"type":"binary-expr","locations":[{"start":{"line":52,"column":18},"end":{"line":52,"column":31}},{"start":{"line":52,"column":35},"end":{"line":52,"column":null}}]},"4":{"loc":{"start":{"line":65,"column":4},"end":{"line":77,"column":null}},"type":"switch","locations":[{"start":{"line":70,"column":6},"end":{"line":70,"column":null}}]},"5":{"loc":{"start":{"line":97,"column":12},"end":{"line":103,"column":13}},"type":"cond-expr","locations":[{"start":{"line":97,"column":12},"end":{"line":103,"column":13}}]},"6":{"loc":{"start":{"line":128,"column":21},"end":{"line":128,"column":51}},"type":"binary-expr","locations":[{"start":{"line":128,"column":21},"end":{"line":128,"column":51}},{"start":{"line":128,"column":51},"end":{"line":128,"column":69}}]},"7":{"loc":{"start":{"line":158,"column":26},"end":{"line":158,"column":null}},"type":"binary-expr","locations":[{"start":{"line":158,"column":26},"end":{"line":158,"column":64}},{"start":{"line":158,"column":68},"end":{"line":158,"column":null}}]},"8":{"loc":{"start":{"line":160,"column":4},"end":{"line":165,"column":null}},"type":"if","locations":[{"start":{"line":160,"column":4},"end":{"line":165,"column":null}},{"start":{"line":163,"column":11},"end":{"line":165,"column":null}}]},"9":{"loc":{"start":{"line":168,"column":2},"end":{"line":213,"column":null}},"type":"if","locations":[{"start":{"line":168,"column":2},"end":{"line":213,"column":null}},{"start":{},"end":{}}]},"10":{"loc":{"start":{"line":199,"column":19},"end":{"line":199,"column":28}},"type":"binary-expr","locations":[{"start":{"line":199,"column":19},"end":{"line":199,"column":28}}]}},"s":{"0":0,"1":0,"2":0,"3":0,"4":0,"5":0,"6":0,"7":0,"8":0,"9":0,"10":0,"11":0,"12":0,"13":0,"14":0,"15":0,"16":0,"17":0,"18":0,"19":0,"20":0,"21":0,"22":0,"23":0,"24":0,"25":0,"26":0,"27":0,"28":0,"29":0,"30":0,"31":0,"32":0,"33":0,"34":0,"35":0,"36":0,"37":0,"38":0,"39":0,"40":0,"41":0,"42":0,"43":0,"44":0,"45":0,"46":0,"47":0},"f":{"0":0,"1":0,"2":0,"3":0,"4":0,"5":0,"6":0,"7":0,"8":0,"9":0,"10":0,"11":0,"12":0,"13":0,"14":0,"15":0},"b":{"0":[0,0],"1":[0,0],"2":[0,0],"3":[0,0],"4":[0],"5":[0],"6":[0,0],"7":[0,0],"8":[0,0],"9":[0,0],"10":[0]}}
,"/opt/gestao-networking/frontend/app/cadastro/loading.tsx": {"path":"/opt/gestao-networking/frontend/app/cadastro/loading.tsx","statementMap":{"0":{"start":{"line":1,"column":24},"end":{"line":1,"column":null}},"1":{"start":{"line":2,"column":2},"end":{"line":2,"column":null}}},"fnMap":{"0":{"name":"Loading","decl":{"start":{"line":1,"column":24},"end":{"line":1,"column":null}},"loc":{"start":{"line":1,"column":24},"end":{"line":3,"column":null}}}},"branchMap":{},"s":{"0":0,"1":0},"f":{"0":0},"b":{}}
,"/opt/gestao-networking/frontend/app/cadastro/page.tsx": {"path":"/opt/gestao-networking/frontend/app/cadastro/page.tsx","statementMap":{"0":{"start":{"line":239,"column":24},"end":{"line":239,"column":null}},"1":{"start":{"line":5,"column":46},"end":{"line":5,"column":null}},"2":{"start":{"line":6,"column":43},"end":{"line":6,"column":null}},"3":{"start":{"line":7,"column":23},"end":{"line":7,"column":null}},"4":{"start":{"line":8,"column":22},"end":{"line":8,"column":null}},"5":{"start":{"line":9,"column":22},"end":{"line":9,"column":null}},"6":{"start":{"line":10,"column":74},"end":{"line":10,"column":null}},"7":{"start":{"line":11,"column":40},"end":{"line":11,"column":null}},"8":{"start":{"line":12,"column":49},"end":{"line":12,"column":null}},"9":{"start":{"line":13,"column":17},"end":{"line":13,"column":null}},"10":{"start":{"line":16,"column":17},"end":{"line":16,"column":null}},"11":{"start":{"line":17,"column":23},"end":{"line":17,"column":null}},"12":{"start":{"line":18,"column":16},"end":{"line":18,"column":null}},"13":{"start":{"line":20,"column":40},"end":{"line":20,"column":null}},"14":{"start":{"line":21,"column":32},"end":{"line":21,"column":null}},"15":{"start":{"line":22,"column":34},"end":{"line":30,"column":null}},"16":{"start":{"line":32,"column":2},"end":{"line":45,"column":null}},"17":{"start":{"line":33,"column":4},"end":{"line":36,"column":null}},"18":{"start":{"line":34,"column":6},"end":{"line":34,"column":null}},"19":{"start":{"line":35,"column":6},"end":{"line":35,"column":null}},"20":{"start":{"line":39,"column":19},"end":{"line":39,"column":null}},"21":{"start":{"line":40,"column":4},"end":{"line":44,"column":null}},"22":{"start":{"line":41,"column":6},"end":{"line":41,"column":null}},"23":{"start":{"line":43,"column":6},"end":{"line":43,"column":null}},"24":{"start":{"line":47,"column":23},"end":{"line":74,"column":null}},"25":{"start":{"line":48,"column":4},"end":{"line":48,"column":null}},"26":{"start":{"line":49,"column":4},"end":{"line":49,"column":null}},"27":{"start":{"line":51,"column":4},"end":{"line":73,"column":null}},"28":{"start":{"line":53,"column":21},"end":{"line":53,"column":null}},"29":{"start":{"line":54,"column":6},"end":{"line":68,"column":null}},"30":{"start":{"line":55,"column":8},"end":{"line":55,"column":null}},"31":{"start":{"line":56,"column":8},"end":{"line":56,"column":null}},"32":{"start":{"line":59,"column":26},"end":{"line":59,"column":null}},"33":{"start":{"line":60,"column":8},"end":{"line":64,"column":null}},"34":{"start":{"line":65,"column":8},"end":{"line":65,"column":null}},"35":{"start":{"line":67,"column":8},"end":{"line":67,"column":null}},"36":{"start":{"line":70,"column":6},"end":{"line":70,"column":null}},"37":{"start":{"line":71,"column":6},"end":{"line":71,"column":null}},"38":{"start":{"line":72,"column":6},"end":{"line":72,"column":null}},"39":{"start":{"line":76,"column":2},"end":{"line":86,"column":null}},"40":{"start":{"line":88,"column":2},"end":{"line":120,"column":null}},"41":{"start":{"line":154,"column":37},"end":{"line":154,"column":null}},"42":{"start":{"line":165,"column":37},"end":{"line":165,"column":null}},"43":{"start":{"line":177,"column":35},"end":{"line":177,"column":null}},"44":{"start":{"line":189,"column":37},"end":{"line":189,"column":null}},"45":{"start":{"line":201,"column":37},"end":{"line":201,"column":null}},"46":{"start":{"line":212,"column":37},"end":{"line":212,"column":null}},"47":{"start":{"line":224,"column":35},"end":{"line":224,"column":null}}},"fnMap":{"0":{"name":"CadastroForm","decl":{"start":{"line":15,"column":9},"end":{"line":15,"column":null}},"loc":{"start":{"line":15,"column":9},"end":{"line":237,"column":null}}},"1":{"name":"(anonymous_3)","decl":{"start":{"line":32,"column":12},"end":{"line":32,"column":null}},"loc":{"start":{"line":32,"column":12},"end":{"line":45,"column":5}}},"2":{"name":"(anonymous_4)","decl":{"start":{"line":47,"column":23},"end":{"line":47,"column":24}},"loc":{"start":{"line":47,"column":24},"end":{"line":74,"column":null}}},"3":{"name":"(anonymous_5)","decl":{"start":{"line":51,"column":15},"end":{"line":51,"column":null}},"loc":{"start":{"line":51,"column":15},"end":{"line":73,"column":7}}},"4":{"name":"(anonymous_6)","decl":{"start":{"line":154,"column":30},"end":{"line":154,"column":31}},"loc":{"start":{"line":154,"column":37},"end":{"line":154,"column":null}}},"5":{"name":"(anonymous_7)","decl":{"start":{"line":165,"column":30},"end":{"line":165,"column":31}},"loc":{"start":{"line":165,"column":37},"end":{"line":165,"column":null}}},"6":{"name":"(anonymous_8)","decl":{"start":{"line":177,"column":28},"end":{"line":177,"column":29}},"loc":{"start":{"line":177,"column":35},"end":{"line":177,"column":null}}},"7":{"name":"(anonymous_9)","decl":{"start":{"line":189,"column":30},"end":{"line":189,"column":31}},"loc":{"start":{"line":189,"column":37},"end":{"line":189,"column":null}}},"8":{"name":"(anonymous_10)","decl":{"start":{"line":201,"column":30},"end":{"line":201,"column":31}},"loc":{"start":{"line":201,"column":37},"end":{"line":201,"column":null}}},"9":{"name":"(anonymous_11)","decl":{"start":{"line":212,"column":30},"end":{"line":212,"column":31}},"loc":{"start":{"line":212,"column":37},"end":{"line":212,"column":null}}},"10":{"name":"(anonymous_12)","decl":{"start":{"line":224,"column":28},"end":{"line":224,"column":29}},"loc":{"start":{"line":224,"column":35},"end":{"line":224,"column":null}}},"11":{"name":"CadastroPage","decl":{"start":{"line":239,"column":24},"end":{"line":239,"column":null}},"loc":{"start":{"line":239,"column":24},"end":{"line":245,"column":null}}}},"branchMap":{"0":{"loc":{"start":{"line":33,"column":4},"end":{"line":36,"column":null}},"type":"if","locations":[{"start":{"line":33,"column":4},"end":{"line":36,"column":null}},{"start":{},"end":{}}]},"1":{"loc":{"start":{"line":39,"column":30},"end":{"line":39,"column":null}},"type":"binary-expr","locations":[{"start":{"line":39,"column":30},"end":{"line":39,"column":64}},{"start":{"line":39,"column":64},"end":{"line":39,"column":null}}]},"2":{"loc":{"start":{"line":40,"column":4},"end":{"line":44,"column":null}},"type":"if","locations":[{"start":{"line":40,"column":4},"end":{"line":44,"column":null}},{"start":{"line":42,"column":11},"end":{"line":44,"column":null}}]},"3":{"loc":{"start":{"line":40,"column":8},"end":{"line":40,"column":45}},"type":"binary-expr","locations":[{"start":{"line":40,"column":8},"end":{"line":40,"column":21}},{"start":{"line":40,"column":25},"end":{"line":40,"column":45}}]},"4":{"loc":{"start":{"line":53,"column":32},"end":{"line":53,"column":null}},"type":"binary-expr","locations":[{"start":{"line":53,"column":32},"end":{"line":53,"column":66}},{"start":{"line":53,"column":66},"end":{"line":53,"column":null}}]},"5":{"loc":{"start":{"line":54,"column":6},"end":{"line":68,"column":null}},"type":"if","locations":[{"start":{"line":54,"column":6},"end":{"line":68,"column":null}},{"start":{},"end":{}}]},"6":{"loc":{"start":{"line":54,"column":10},"end":{"line":54,"column":32}},"type":"binary-expr","locations":[{"start":{"line":54,"column":10},"end":{"line":54,"column":19}},{"start":{"line":54,"column":19},"end":{"line":54,"column":32}}]},"7":{"loc":{"start":{"line":59,"column":37},"end":{"line":59,"column":null}},"type":"binary-expr","locations":[{"start":{"line":59,"column":37},"end":{"line":59,"column":74}},{"start":{"line":59,"column":74},"end":{"line":59,"column":null}}]},"8":{"loc":{"start":{"line":76,"column":2},"end":{"line":86,"column":null}},"type":"if","locations":[{"start":{"line":76,"column":2},"end":{"line":86,"column":null}},{"start":{},"end":{}}]},"9":{"loc":{"start":{"line":88,"column":2},"end":{"line":120,"column":null}},"type":"if","locations":[{"start":{"line":88,"column":2},"end":{"line":120,"column":null}},{"start":{},"end":{}}]},"10":{"loc":{"start":{"line":229,"column":17},"end":{"line":229,"column":null}},"type":"cond-expr","locations":[{"start":{"line":229,"column":27},"end":{"line":229,"column":46}},{"start":{"line":229,"column":46},"end":{"line":229,"column":null}}]}},"s":{"0":0,"1":0,"2":0,"3":0,"4":0,"5":0,"6":0,"7":0,"8":0,"9":0,"10":0,"11":0,"12":0,"13":0,"14":0,"15":0,"16":0,"17":0,"18":0,"19":0,"20":0,"21":0,"22":0,"23":0,"24":0,"25":0,"26":0,"27":0,"28":0,"29":0,"30":0,"31":0,"32":0,"33":0,"34":0,"35":0,"36":0,"37":0,"38":0,"39":0,"40":0,"41":0,"42":0,"43":0,"44":0,"45":0,"46":0,"47":0},"f":{"0":0,"1":0,"2":0,"3":0,"4":0,"5":0,"6":0,"7":0,"8":0,"9":0,"10":0,"11":0},"b":{"0":[0,0],"1":[0,0],"2":[0,0],"3":[0,0],"4":[0,0],"5":[0,0],"6":[0,0],"7":[0,0],"8":[0,0],"9":[0,0],"10":[0,0]}}
,"/opt/gestao-networking/frontend/app/cadastro-completo/loading.tsx": {"path":"/opt/gestao-networking/frontend/app/cadastro-completo/loading.tsx","statementMap":{"0":{"start":{"line":1,"column":24},"end":{"line":1,"column":null}},"1":{"start":{"line":2,"column":2},"end":{"line":2,"column":null}}},"fnMap":{"0":{"name":"Loading","decl":{"start":{"line":1,"column":24},"end":{"line":1,"column":null}},"loc":{"start":{"line":1,"column":24},"end":{"line":3,"column":null}}}},"branchMap":{},"s":{"0":0,"1":0},"f":{"0":0},"b":{}}
,"/opt/gestao-networking/frontend/app/cadastro-completo/page.tsx": {"path":"/opt/gestao-networking/frontend/app/cadastro-completo/page.tsx","statementMap":{"0":{"start":{"line":350,"column":24},"end":{"line":350,"column":null}},"1":{"start":{"line":4,"column":46},"end":{"line":4,"column":null}},"2":{"start":{"line":5,"column":26},"end":{"line":5,"column":null}},"3":{"start":{"line":6,"column":23},"end":{"line":6,"column":null}},"4":{"start":{"line":7,"column":22},"end":{"line":7,"column":null}},"5":{"start":{"line":8,"column":22},"end":{"line":8,"column":null}},"6":{"start":{"line":9,"column":74},"end":{"line":9,"column":null}},"7":{"start":{"line":10,"column":40},"end":{"line":10,"column":null}},"8":{"start":{"line":11,"column":25},"end":{"line":11,"column":null}},"9":{"start":{"line":12,"column":49},"end":{"line":12,"column":null}},"10":{"start":{"line":13,"column":17},"end":{"line":13,"column":null}},"11":{"start":{"line":15,"column":22},"end":{"line":15,"column":null}},"12":{"start":{"line":18,"column":17},"end":{"line":18,"column":null}},"13":{"start":{"line":19,"column":28},"end":{"line":19,"column":null}},"14":{"start":{"line":20,"column":40},"end":{"line":20,"column":null}},"15":{"start":{"line":21,"column":42},"end":{"line":21,"column":null}},"16":{"start":{"line":22,"column":32},"end":{"line":22,"column":null}},"17":{"start":{"line":23,"column":34},"end":{"line":35,"column":null}},"18":{"start":{"line":37,"column":2},"end":{"line":72,"column":null}},"19":{"start":{"line":38,"column":22},"end":{"line":38,"column":null}},"20":{"start":{"line":40,"column":4},"end":{"line":43,"column":null}},"21":{"start":{"line":41,"column":6},"end":{"line":41,"column":null}},"22":{"start":{"line":42,"column":6},"end":{"line":42,"column":null}},"23":{"start":{"line":45,"column":4},"end":{"line":45,"column":null}},"24":{"start":{"line":47,"column":38},"end":{"line":69,"column":null}},"25":{"start":{"line":48,"column":6},"end":{"line":68,"column":null}},"26":{"start":{"line":49,"column":25},"end":{"line":49,"column":null}},"27":{"start":{"line":50,"column":8},"end":{"line":63,"column":null}},"28":{"start":{"line":51,"column":10},"end":{"line":51,"column":null}},"29":{"start":{"line":54,"column":10},"end":{"line":59,"column":null}},"30":{"start":{"line":61,"column":10},"end":{"line":61,"column":null}},"31":{"start":{"line":62,"column":10},"end":{"line":62,"column":null}},"32":{"start":{"line":65,"column":8},"end":{"line":65,"column":null}},"33":{"start":{"line":66,"column":8},"end":{"line":66,"column":null}},"34":{"start":{"line":67,"column":8},"end":{"line":67,"column":null}},"35":{"start":{"line":71,"column":4},"end":{"line":71,"column":null}},"36":{"start":{"line":74,"column":23},"end":{"line":105,"column":null}},"37":{"start":{"line":75,"column":4},"end":{"line":75,"column":null}},"38":{"start":{"line":76,"column":4},"end":{"line":76,"column":null}},"39":{"start":{"line":78,"column":4},"end":{"line":83,"column":null}},"40":{"start":{"line":79,"column":6},"end":{"line":79,"column":null}},"41":{"start":{"line":80,"column":6},"end":{"line":80,"column":null}},"42":{"start":{"line":81,"column":6},"end":{"line":81,"column":null}},"43":{"start":{"line":82,"column":6},"end":{"line":82,"column":null}},"44":{"start":{"line":85,"column":4},"end":{"line":104,"column":null}},"45":{"start":{"line":87,"column":23},"end":{"line":90,"column":null}},"46":{"start":{"line":92,"column":6},"end":{"line":98,"column":null}},"47":{"start":{"line":93,"column":8},"end":{"line":93,"column":null}},"48":{"start":{"line":94,"column":8},"end":{"line":94,"column":48}},"49":{"start":{"line":95,"column":8},"end":{"line":95,"column":null}},"50":{"start":{"line":97,"column":8},"end":{"line":97,"column":null}},"51":{"start":{"line":100,"column":6},"end":{"line":100,"column":null}},"52":{"start":{"line":101,"column":6},"end":{"line":101,"column":null}},"53":{"start":{"line":103,"column":6},"end":{"line":103,"column":null}},"54":{"start":{"line":107,"column":2},"end":{"line":117,"column":null}},"55":{"start":{"line":119,"column":2},"end":{"line":152,"column":null}},"56":{"start":{"line":208,"column":39},"end":{"line":208,"column":null}},"57":{"start":{"line":219,"column":39},"end":{"line":219,"column":null}},"58":{"start":{"line":231,"column":37},"end":{"line":231,"column":null}},"59":{"start":{"line":246,"column":37},"end":{"line":246,"column":null}},"60":{"start":{"line":258,"column":39},"end":{"line":258,"column":null}},"61":{"start":{"line":270,"column":39},"end":{"line":270,"column":null}},"62":{"start":{"line":281,"column":39},"end":{"line":281,"column":null}},"63":{"start":{"line":298,"column":39},"end":{"line":298,"column":null}},"64":{"start":{"line":309,"column":39},"end":{"line":309,"column":null}},"65":{"start":{"line":322,"column":37},"end":{"line":322,"column":null}},"66":{"start":{"line":334,"column":37},"end":{"line":334,"column":null}}},"fnMap":{"0":{"name":"CadastroCompletoForm","decl":{"start":{"line":17,"column":9},"end":{"line":17,"column":null}},"loc":{"start":{"line":17,"column":9},"end":{"line":348,"column":null}}},"1":{"name":"(anonymous_3)","decl":{"start":{"line":37,"column":12},"end":{"line":37,"column":null}},"loc":{"start":{"line":37,"column":12},"end":{"line":72,"column":5}}},"2":{"name":"(anonymous_4)","decl":{"start":{"line":47,"column":38},"end":{"line":47,"column":null}},"loc":{"start":{"line":47,"column":38},"end":{"line":69,"column":null}}},"3":{"name":"(anonymous_5)","decl":{"start":{"line":74,"column":23},"end":{"line":74,"column":30}},"loc":{"start":{"line":74,"column":30},"end":{"line":105,"column":null}}},"4":{"name":"(anonymous_6)","decl":{"start":{"line":208,"column":32},"end":{"line":208,"column":33}},"loc":{"start":{"line":208,"column":39},"end":{"line":208,"column":null}}},"5":{"name":"(anonymous_7)","decl":{"start":{"line":219,"column":32},"end":{"line":219,"column":33}},"loc":{"start":{"line":219,"column":39},"end":{"line":219,"column":null}}},"6":{"name":"(anonymous_8)","decl":{"start":{"line":231,"column":30},"end":{"line":231,"column":31}},"loc":{"start":{"line":231,"column":37},"end":{"line":231,"column":null}}},"7":{"name":"(anonymous_9)","decl":{"start":{"line":246,"column":30},"end":{"line":246,"column":31}},"loc":{"start":{"line":246,"column":37},"end":{"line":246,"column":null}}},"8":{"name":"(anonymous_10)","decl":{"start":{"line":258,"column":32},"end":{"line":258,"column":33}},"loc":{"start":{"line":258,"column":39},"end":{"line":258,"column":null}}},"9":{"name":"(anonymous_11)","decl":{"start":{"line":270,"column":32},"end":{"line":270,"column":33}},"loc":{"start":{"line":270,"column":39},"end":{"line":270,"column":null}}},"10":{"name":"(anonymous_12)","decl":{"start":{"line":281,"column":32},"end":{"line":281,"column":33}},"loc":{"start":{"line":281,"column":39},"end":{"line":281,"column":null}}},"11":{"name":"(anonymous_13)","decl":{"start":{"line":298,"column":32},"end":{"line":298,"column":33}},"loc":{"start":{"line":298,"column":39},"end":{"line":298,"column":null}}},"12":{"name":"(anonymous_14)","decl":{"start":{"line":309,"column":32},"end":{"line":309,"column":33}},"loc":{"start":{"line":309,"column":39},"end":{"line":309,"column":null}}},"13":{"name":"(anonymous_15)","decl":{"start":{"line":322,"column":30},"end":{"line":322,"column":31}},"loc":{"start":{"line":322,"column":37},"end":{"line":322,"column":null}}},"14":{"name":"(anonymous_16)","decl":{"start":{"line":334,"column":30},"end":{"line":334,"column":31}},"loc":{"start":{"line":334,"column":37},"end":{"line":334,"column":null}}},"15":{"name":"CadastroCompletoPage","decl":{"start":{"line":350,"column":24},"end":{"line":350,"column":null}},"loc":{"start":{"line":350,"column":24},"end":{"line":356,"column":null}}}},"branchMap":{"0":{"loc":{"start":{"line":40,"column":4},"end":{"line":43,"column":null}},"type":"if","locations":[{"start":{"line":40,"column":4},"end":{"line":43,"column":null}},{"start":{},"end":{}}]},"1":{"loc":{"start":{"line":50,"column":8},"end":{"line":63,"column":null}},"type":"if","locations":[{"start":{"line":50,"column":8},"end":{"line":63,"column":null}},{"start":{"line":60,"column":15},"end":{"line":63,"column":null}}]},"2":{"loc":{"start":{"line":50,"column":12},"end":{"line":50,"column":59}},"type":"binary-expr","locations":[{"start":{"line":50,"column":12},"end":{"line":50,"column":39}},{"start":{"line":50,"column":39},"end":{"line":50,"column":59}}]},"3":{"loc":{"start":{"line":78,"column":4},"end":{"line":83,"column":null}},"type":"if","locations":[{"start":{"line":78,"column":4},"end":{"line":83,"column":null}},{"start":{},"end":{}}]},"4":{"loc":{"start":{"line":92,"column":6},"end":{"line":98,"column":null}},"type":"if","locations":[{"start":{"line":92,"column":6},"end":{"line":98,"column":null}},{"start":{"line":96,"column":13},"end":{"line":98,"column":null}}]},"5":{"loc":{"start":{"line":101,"column":18},"end":{"line":101,"column":null}},"type":"binary-expr","locations":[{"start":{"line":101,"column":18},"end":{"line":101,"column":49}},{"start":{"line":101,"column":49},"end":{"line":101,"column":null}}]},"6":{"loc":{"start":{"line":107,"column":2},"end":{"line":117,"column":null}},"type":"if","locations":[{"start":{"line":107,"column":2},"end":{"line":117,"column":null}},{"start":{},"end":{}}]},"7":{"loc":{"start":{"line":119,"column":2},"end":{"line":152,"column":null}},"type":"if","locations":[{"start":{"line":119,"column":2},"end":{"line":152,"column":null}},{"start":{},"end":{}}]},"8":{"loc":{"start":{"line":177,"column":13},"end":{"line":177,"column":null}},"type":"binary-expr","locations":[{"start":{"line":177,"column":13},"end":{"line":177,"column":null}}]},"9":{"loc":{"start":{"line":340,"column":17},"end":{"line":340,"column":null}},"type":"cond-expr","locations":[{"start":{"line":340,"column":27},"end":{"line":340,"column":46}},{"start":{"line":340,"column":46},"end":{"line":340,"column":null}}]}},"s":{"0":0,"1":0,"2":0,"3":0,"4":0,"5":0,"6":0,"7":0,"8":0,"9":0,"10":0,"11":0,"12":0,"13":0,"14":0,"15":0,"16":0,"17":0,"18":0,"19":0,"20":0,"21":0,"22":0,"23":0,"24":0,"25":0,"26":0,"27":0,"28":0,"29":0,"30":0,"31":0,"32":0,"33":0,"34":0,"35":0,"36":0,"37":0,"38":0,"39":0,"40":0,"41":0,"42":0,"43":0,"44":0,"45":0,"46":0,"47":0,"48":0,"49":0,"50":0,"51":0,"52":0,"53":0,"54":0,"55":0,"56":0,"57":0,"58":0,"59":0,"60":0,"61":0,"62":0,"63":0,"64":0,"65":0,"66":0},"f":{"0":0,"1":0,"2":0,"3":0,"4":0,"5":0,"6":0,"7":0,"8":0,"9":0,"10":0,"11":0,"12":0,"13":0,"14":0,"15":0},"b":{"0":[0,0],"1":[0,0],"2":[0,0],"3":[0,0],"4":[0,0],"5":[0,0],"6":[0,0],"7":[0,0],"8":[0],"9":[0,0]}}
,"/opt/gestao-networking/frontend/app/indicacoes/page.tsx": {"path":"/opt/gestao-networking/frontend/app/indicacoes/page.tsx","statementMap":{"0":{"start":{"line":26,"column":24},"end":{"line":26,"column":null}},"1":{"start":{"line":5,"column":36},"end":{"line":5,"column":null}},"2":{"start":{"line":6,"column":23},"end":{"line":6,"column":null}},"3":{"start":{"line":7,"column":22},"end":{"line":7,"column":null}},"4":{"start":{"line":8,"column":22},"end":{"line":8,"column":null}},"5":{"start":{"line":9,"column":25},"end":{"line":9,"column":null}},"6":{"start":{"line":10,"column":74},"end":{"line":10,"column":null}},"7":{"start":{"line":11,"column":22},"end":{"line":11,"column":null}},"8":{"start":{"line":12,"column":57},"end":{"line":12,"column":null}},"9":{"start":{"line":13,"column":55},"end":{"line":13,"column":null}},"10":{"start":{"line":14,"column":17},"end":{"line":14,"column":null}},"11":{"start":{"line":27,"column":38},"end":{"line":27,"column":null}},"12":{"start":{"line":28,"column":32},"end":{"line":28,"column":null}},"13":{"start":{"line":29,"column":34},"end":{"line":33,"column":null}},"14":{"start":{"line":35,"column":2},"end":{"line":40,"column":null}},"15":{"start":{"line":36,"column":19},"end":{"line":36,"column":null}},"16":{"start":{"line":37,"column":4},"end":{"line":39,"column":null}},"17":{"start":{"line":38,"column":6},"end":{"line":38,"column":null}},"18":{"start":{"line":42,"column":23},"end":{"line":65,"column":null}},"19":{"start":{"line":43,"column":4},"end":{"line":43,"column":null}},"20":{"start":{"line":44,"column":4},"end":{"line":44,"column":null}},"21":{"start":{"line":46,"column":4},"end":{"line":64,"column":null}},"22":{"start":{"line":47,"column":39},"end":{"line":53,"column":null}},"23":{"start":{"line":55,"column":22},"end":{"line":55,"column":null}},"24":{"start":{"line":56,"column":6},"end":{"line":56,"column":null}},"25":{"start":{"line":57,"column":6},"end":{"line":57,"column":null}},"26":{"start":{"line":59,"column":6},"end":{"line":59,"column":null}},"27":{"start":{"line":61,"column":6},"end":{"line":61,"column":null}},"28":{"start":{"line":62,"column":6},"end":{"line":62,"column":null}},"29":{"start":{"line":63,"column":6},"end":{"line":63,"column":null}},"30":{"start":{"line":67,"column":25},"end":{"line":86,"column":null}},"31":{"start":{"line":68,"column":4},"end":{"line":85,"column":null}},"32":{"start":{"line":84,"column":8},"end":{"line":84,"column":null}},"33":{"start":{"line":88,"column":24},"end":{"line":99,"column":null}},"34":{"start":{"line":89,"column":4},"end":{"line":98,"column":null}},"35":{"start":{"line":97,"column":8},"end":{"line":97,"column":null}},"36":{"start":{"line":101,"column":27},"end":{"line":101,"column":null}},"37":{"start":{"line":101,"column":52},"end":{"line":101,"column":null}},"38":{"start":{"line":102,"column":30},"end":{"line":102,"column":null}},"39":{"start":{"line":102,"column":55},"end":{"line":102,"column":null}},"40":{"start":{"line":139,"column":39},"end":{"line":139,"column":null}},"41":{"start":{"line":150,"column":39},"end":{"line":150,"column":null}},"42":{"start":{"line":162,"column":39},"end":{"line":162,"column":null}},"43":{"start":{"line":191,"column":48},"end":{"line":191,"column":74}},"44":{"start":{"line":232,"column":22},"end":{"line":232,"column":null}},"45":{"start":{"line":259,"column":22},"end":{"line":259,"column":null}}},"fnMap":{"0":{"name":"IndicacoesPage","decl":{"start":{"line":26,"column":24},"end":{"line":26,"column":null}},"loc":{"start":{"line":26,"column":24},"end":{"line":287,"column":null}}},"1":{"name":"(anonymous_3)","decl":{"start":{"line":35,"column":12},"end":{"line":35,"column":null}},"loc":{"start":{"line":35,"column":12},"end":{"line":40,"column":5}}},"2":{"name":"(anonymous_4)","decl":{"start":{"line":42,"column":23},"end":{"line":42,"column":24}},"loc":{"start":{"line":42,"column":24},"end":{"line":65,"column":null}}},"3":{"name":"(anonymous_5)","decl":{"start":{"line":46,"column":15},"end":{"line":46,"column":null}},"loc":{"start":{"line":46,"column":15},"end":{"line":64,"column":7}}},"4":{"name":"(anonymous_6)","decl":{"start":{"line":67,"column":25},"end":{"line":67,"column":26}},"loc":{"start":{"line":67,"column":26},"end":{"line":86,"column":null}}},"5":{"name":"(anonymous_7)","decl":{"start":{"line":88,"column":24},"end":{"line":88,"column":25}},"loc":{"start":{"line":88,"column":25},"end":{"line":99,"column":null}}},"6":{"name":"(anonymous_8)","decl":{"start":{"line":101,"column":45},"end":{"line":101,"column":46}},"loc":{"start":{"line":101,"column":52},"end":{"line":101,"column":null}}},"7":{"name":"(anonymous_9)","decl":{"start":{"line":102,"column":48},"end":{"line":102,"column":49}},"loc":{"start":{"line":102,"column":55},"end":{"line":102,"column":null}}},"8":{"name":"(anonymous_10)","decl":{"start":{"line":139,"column":32},"end":{"line":139,"column":33}},"loc":{"start":{"line":139,"column":39},"end":{"line":139,"column":null}}},"9":{"name":"(anonymous_11)","decl":{"start":{"line":150,"column":32},"end":{"line":150,"column":33}},"loc":{"start":{"line":150,"column":39},"end":{"line":150,"column":null}}},"10":{"name":"(anonymous_12)","decl":{"start":{"line":162,"column":32},"end":{"line":162,"column":33}},"loc":{"start":{"line":162,"column":39},"end":{"line":162,"column":null}}},"11":{"name":"(anonymous_13)","decl":{"start":{"line":191,"column":41},"end":{"line":191,"column":42}},"loc":{"start":{"line":191,"column":48},"end":{"line":191,"column":74}}},"12":{"name":"(anonymous_14)","decl":{"start":{"line":231,"column":41},"end":{"line":231,"column":42}},"loc":{"start":{"line":232,"column":22},"end":{"line":232,"column":null}}},"13":{"name":"(anonymous_15)","decl":{"start":{"line":258,"column":44},"end":{"line":258,"column":45}},"loc":{"start":{"line":259,"column":22},"end":{"line":259,"column":null}}}},"branchMap":{"0":{"loc":{"start":{"line":37,"column":4},"end":{"line":39,"column":null}},"type":"if","locations":[{"start":{"line":37,"column":4},"end":{"line":39,"column":null}},{"start":{},"end":{}}]},"1":{"loc":{"start":{"line":68,"column":4},"end":{"line":85,"column":null}},"type":"switch","locations":[{"start":{"line":83,"column":6},"end":{"line":84,"column":null}}]},"2":{"loc":{"start":{"line":89,"column":4},"end":{"line":98,"column":null}},"type":"switch","locations":[{"start":{"line":96,"column":6},"end":{"line":97,"column":null}}]},"3":{"loc":{"start":{"line":167,"column":21},"end":{"line":167,"column":null}},"type":"cond-expr","locations":[{"start":{"line":167,"column":31},"end":{"line":167,"column":47}},{"start":{"line":167,"column":47},"end":{"line":167,"column":null}}]},"4":{"loc":{"start":{"line":228,"column":19},"end":{"line":232,"column":null}},"type":"cond-expr","locations":[{"start":{"line":229,"column":20},"end":{"line":231,"column":37}},{"start":{"line":231,"column":20},"end":{"line":232,"column":null}}]},"5":{"loc":{"start":{"line":255,"column":19},"end":{"line":259,"column":null}},"type":"cond-expr","locations":[{"start":{"line":256,"column":20},"end":{"line":258,"column":40}},{"start":{"line":258,"column":20},"end":{"line":259,"column":null}}]}},"s":{"0":0,"1":0,"2":0,"3":0,"4":0,"5":0,"6":0,"7":0,"8":0,"9":0,"10":0,"11":0,"12":0,"13":0,"14":0,"15":0,"16":0,"17":0,"18":0,"19":0,"20":0,"21":0,"22":0,"23":0,"24":0,"25":0,"26":0,"27":0,"28":0,"29":0,"30":0,"31":0,"32":0,"33":0,"34":0,"35":0,"36":0,"37":0,"38":0,"39":0,"40":0,"41":0,"42":0,"43":0,"44":0,"45":0},"f":{"0":0,"1":0,"2":0,"3":0,"4":0,"5":0,"6":0,"7":0,"8":0,"9":0,"10":0,"11":0,"12":0,"13":0},"b":{"0":[0,0],"1":[0],"2":[0],"3":[0,0],"4":[0,0],"5":[0,0]}}
,"/opt/gestao-networking/frontend/app/intencao/page.tsx": {"path":"/opt/gestao-networking/frontend/app/intencao/page.tsx","statementMap":{"0":{"start":{"line":16,"column":24},"end":{"line":16,"column":null}},"1":{"start":{"line":5,"column":25},"end":{"line":5,"column":null}},"2":{"start":{"line":6,"column":26},"end":{"line":6,"column":null}},"3":{"start":{"line":7,"column":23},"end":{"line":7,"column":null}},"4":{"start":{"line":8,"column":22},"end":{"line":8,"column":null}},"5":{"start":{"line":9,"column":22},"end":{"line":9,"column":null}},"6":{"start":{"line":10,"column":25},"end":{"line":10,"column":null}},"7":{"start":{"line":11,"column":74},"end":{"line":11,"column":null}},"8":{"start":{"line":12,"column":32},"end":{"line":12,"column":null}},"9":{"start":{"line":13,"column":17},"end":{"line":13,"column":null}},"10":{"start":{"line":14,"column":33},"end":{"line":14,"column":null}},"11":{"start":{"line":17,"column":17},"end":{"line":17,"column":null}},"12":{"start":{"line":18,"column":34},"end":{"line":23,"column":null}},"13":{"start":{"line":25,"column":32},"end":{"line":25,"column":null}},"14":{"start":{"line":26,"column":23},"end":{"line":39,"column":null}},"15":{"start":{"line":27,"column":4},"end":{"line":27,"column":null}},"16":{"start":{"line":28,"column":4},"end":{"line":38,"column":null}},"17":{"start":{"line":30,"column":8},"end":{"line":30,"column":null}},"18":{"start":{"line":31,"column":8},"end":{"line":31,"column":null}},"19":{"start":{"line":32,"column":8},"end":{"line":32,"column":null}},"20":{"start":{"line":35,"column":8},"end":{"line":35,"column":null}},"21":{"start":{"line":36,"column":8},"end":{"line":36,"column":null}},"22":{"start":{"line":68,"column":35},"end":{"line":68,"column":null}},"23":{"start":{"line":80,"column":35},"end":{"line":80,"column":null}},"24":{"start":{"line":91,"column":35},"end":{"line":91,"column":null}},"25":{"start":{"line":103,"column":35},"end":{"line":103,"column":null}}},"fnMap":{"0":{"name":"IntencaoPage","decl":{"start":{"line":16,"column":24},"end":{"line":16,"column":null}},"loc":{"start":{"line":16,"column":24},"end":{"line":123,"column":null}}},"1":{"name":"(anonymous_3)","decl":{"start":{"line":26,"column":23},"end":{"line":26,"column":24}},"loc":{"start":{"line":26,"column":24},"end":{"line":39,"column":null}}},"2":{"name":"(anonymous_4)","decl":{"start":{"line":29,"column":17},"end":{"line":29,"column":null}},"loc":{"start":{"line":29,"column":17},"end":{"line":33,"column":null}}},"3":{"name":"(anonymous_5)","decl":{"start":{"line":34,"column":15},"end":{"line":34,"column":16}},"loc":{"start":{"line":34,"column":16},"end":{"line":37,"column":null}}},"4":{"name":"(anonymous_6)","decl":{"start":{"line":68,"column":28},"end":{"line":68,"column":29}},"loc":{"start":{"line":68,"column":35},"end":{"line":68,"column":null}}},"5":{"name":"(anonymous_7)","decl":{"start":{"line":80,"column":28},"end":{"line":80,"column":29}},"loc":{"start":{"line":80,"column":35},"end":{"line":80,"column":null}}},"6":{"name":"(anonymous_8)","decl":{"start":{"line":91,"column":28},"end":{"line":91,"column":29}},"loc":{"start":{"line":91,"column":35},"end":{"line":91,"column":null}}},"7":{"name":"(anonymous_9)","decl":{"start":{"line":103,"column":28},"end":{"line":103,"column":29}},"loc":{"start":{"line":103,"column":35},"end":{"line":103,"column":null}}}},"branchMap":{"0":{"loc":{"start":{"line":109,"column":18},"end":{"line":109,"column":null}},"type":"cond-expr","locations":[{"start":{"line":109,"column":18},"end":{"line":109,"column":null}}]}},"s":{"0":0,"1":0,"2":0,"3":0,"4":0,"5":0,"6":0,"7":0,"8":0,"9":0,"10":0,"11":0,"12":0,"13":0,"14":0,"15":0,"16":0,"17":0,"18":0,"19":0,"20":0,"21":0,"22":0,"23":0,"24":0,"25":0},"f":{"0":0,"1":0,"2":0,"3":0,"4":0,"5":0,"6":0,"7":0},"b":{"0":[0]}}
,"/opt/gestao-networking/frontend/app/login/page.tsx": {"path":"/opt/gestao-networking/frontend/app/login/page.tsx","statementMap":{"0":{"start":{"line":15,"column":24},"end":{"line":15,"column":null}},"1":{"start":{"line":4,"column":25},"end":{"line":4,"column":null}},"2":{"start":{"line":5,"column":26},"end":{"line":5,"column":null}},"3":{"start":{"line":6,"column":23},"end":{"line":6,"column":null}},"4":{"start":{"line":7,"column":22},"end":{"line":7,"column":null}},"5":{"start":{"line":8,"column":22},"end":{"line":8,"column":null}},"6":{"start":{"line":9,"column":74},"end":{"line":9,"column":null}},"7":{"start":{"line":10,"column":40},"end":{"line":10,"column":null}},"8":{"start":{"line":11,"column":38},"end":{"line":11,"column":null}},"9":{"start":{"line":12,"column":17},"end":{"line":12,"column":null}},"10":{"start":{"line":16,"column":17},"end":{"line":16,"column":null}},"11":{"start":{"line":17,"column":28},"end":{"line":17,"column":null}},"12":{"start":{"line":18,"column":28},"end":{"line":18,"column":null}},"13":{"start":{"line":19,"column":32},"end":{"line":19,"column":null}},"14":{"start":{"line":21,"column":22},"end":{"line":44,"column":null}},"15":{"start":{"line":22,"column":4},"end":{"line":22,"column":null}},"16":{"start":{"line":23,"column":4},"end":{"line":23,"column":null}},"17":{"start":{"line":24,"column":4},"end":{"line":24,"column":null}},"18":{"start":{"line":26,"column":4},"end":{"line":43,"column":null}},"19":{"start":{"line":27,"column":23},"end":{"line":27,"column":null}},"20":{"start":{"line":29,"column":6},"end":{"line":36,"column":null}},"21":{"start":{"line":31,"column":8},"end":{"line":31,"column":null}},"22":{"start":{"line":32,"column":8},"end":{"line":32,"column":null}},"23":{"start":{"line":35,"column":8},"end":{"line":35,"column":null}},"24":{"start":{"line":39,"column":27},"end":{"line":39,"column":null}},"25":{"start":{"line":40,"column":6},"end":{"line":40,"column":null}},"26":{"start":{"line":42,"column":6},"end":{"line":42,"column":null}},"27":{"start":{"line":76,"column":37},"end":{"line":76,"column":null}}},"fnMap":{"0":{"name":"LoginPage","decl":{"start":{"line":15,"column":24},"end":{"line":15,"column":null}},"loc":{"start":{"line":15,"column":24},"end":{"line":130,"column":null}}},"1":{"name":"(anonymous_3)","decl":{"start":{"line":21,"column":22},"end":{"line":21,"column":29}},"loc":{"start":{"line":21,"column":29},"end":{"line":44,"column":null}}},"2":{"name":"(anonymous_4)","decl":{"start":{"line":76,"column":30},"end":{"line":76,"column":31}},"loc":{"start":{"line":76,"column":37},"end":{"line":76,"column":null}}}},"branchMap":{"0":{"loc":{"start":{"line":29,"column":6},"end":{"line":36,"column":null}},"type":"if","locations":[{"start":{"line":29,"column":6},"end":{"line":36,"column":null}},{"start":{"line":33,"column":13},"end":{"line":36,"column":null}}]},"1":{"loc":{"start":{"line":39,"column":27},"end":{"line":39,"column":null}},"type":"binary-expr","locations":[{"start":{"line":39,"column":27},"end":{"line":39,"column":56}},{"start":{"line":39,"column":56},"end":{"line":39,"column":null}}]},"2":{"loc":{"start":{"line":80,"column":17},"end":{"line":80,"column":null}},"type":"binary-expr","locations":[{"start":{"line":80,"column":17},"end":{"line":80,"column":null}}]},"3":{"loc":{"start":{"line":88,"column":17},"end":{"line":88,"column":null}},"type":"cond-expr","locations":[{"start":{"line":88,"column":27},"end":{"line":88,"column":44}},{"start":{"line":88,"column":44},"end":{"line":88,"column":null}}]}},"s":{"0":0,"1":0,"2":0,"3":0,"4":0,"5":0,"6":0,"7":0,"8":0,"9":0,"10":0,"11":0,"12":0,"13":0,"14":0,"15":0,"16":0,"17":0,"18":0,"19":0,"20":0,"21":0,"22":0,"23":0,"24":0,"25":0,"26":0,"27":0},"f":{"0":0,"1":0,"2":0},"b":{"0":[0,0],"1":[0,0],"2":[0],"3":[0,0]}}
,"/opt/gestao-networking/frontend/components/theme-provider.tsx": {"path":"/opt/gestao-networking/frontend/components/theme-provider.tsx","statementMap":{"0":{"start":{"line":9,"column":16},"end":{"line":9,"column":30}},"1":{"start":{"line":3,"column":23},"end":{"line":3,"column":null}},"2":{"start":{"line":7,"column":7},"end":{"line":7,"column":null}}},"fnMap":{"0":{"name":"ThemeProvider","decl":{"start":{"line":9,"column":16},"end":{"line":9,"column":30}},"loc":{"start":{"line":9,"column":72},"end":{"line":11,"column":null}}}},"branchMap":{},"s":{"0":0,"1":0,"2":0},"f":{"0":0},"b":{}}
,"/opt/gestao-networking/frontend/components/ui/alert.tsx": {"path":"/opt/gestao-networking/frontend/components/ui/alert.tsx","statementMap":{"0":{"start":{"line":66,"column":9},"end":{"line":66,"column":16}},"1":{"start":{"line":66,"column":28},"end":{"line":66,"column":null}},"2":{"start":{"line":66,"column":16},"end":{"line":66,"column":28}},"3":{"start":{"line":1,"column":23},"end":{"line":1,"column":null}},"4":{"start":{"line":2,"column":39},"end":{"line":2,"column":null}},"5":{"start":{"line":4,"column":19},"end":{"line":4,"column":null}},"6":{"start":{"line":6,"column":22},"end":{"line":19,"column":null}}},"fnMap":{"0":{"name":"Alert","decl":{"start":{"line":22,"column":9},"end":{"line":22,"column":15}},"loc":{"start":{"line":26,"column":67},"end":{"line":35,"column":null}}},"1":{"name":"AlertTitle","decl":{"start":{"line":37,"column":9},"end":{"line":37,"column":20}},"loc":{"start":{"line":37,"column":72},"end":{"line":48,"column":null}}},"2":{"name":"AlertDescription","decl":{"start":{"line":50,"column":9},"end":{"line":50,"column":26}},"loc":{"start":{"line":53,"column":30},"end":{"line":64,"column":null}}}},"branchMap":{},"s":{"0":0,"1":0,"2":0,"3":0,"4":0,"5":0,"6":0},"f":{"0":0,"1":0,"2":0},"b":{}}
,"/opt/gestao-networking/frontend/components/ui/badge.tsx": {"path":"/opt/gestao-networking/frontend/components/ui/badge.tsx","statementMap":{"0":{"start":{"line":46,"column":9},"end":{"line":46,"column":16}},"1":{"start":{"line":46,"column":16},"end":{"line":46,"column":null}},"2":{"start":{"line":1,"column":23},"end":{"line":1,"column":null}},"3":{"start":{"line":2,"column":21},"end":{"line":2,"column":null}},"4":{"start":{"line":3,"column":39},"end":{"line":3,"column":null}},"5":{"start":{"line":5,"column":19},"end":{"line":5,"column":null}},"6":{"start":{"line":7,"column":22},"end":{"line":25,"column":null}},"7":{"start":{"line":35,"column":15},"end":{"line":35,"column":null}}},"fnMap":{"0":{"name":"Badge","decl":{"start":{"line":28,"column":9},"end":{"line":28,"column":15}},"loc":{"start":{"line":34,"column":60},"end":{"line":44,"column":null}}}},"branchMap":{"0":{"loc":{"start":{"line":31,"column":2},"end":{"line":31,"column":17}},"type":"default-arg","locations":[{"start":{"line":31,"column":12},"end":{"line":31,"column":17}}]},"1":{"loc":{"start":{"line":35,"column":15},"end":{"line":35,"column":null}},"type":"cond-expr","locations":[{"start":{"line":35,"column":25},"end":{"line":35,"column":29}},{"start":{"line":35,"column":32},"end":{"line":35,"column":null}}]}},"s":{"0":0,"1":0,"2":0,"3":0,"4":0,"5":0,"6":0,"7":0},"f":{"0":0},"b":{"0":[0],"1":[0,0]}}
,"/opt/gestao-networking/frontend/components/ui/button.tsx": {"path":"/opt/gestao-networking/frontend/components/ui/button.tsx","statementMap":{"0":{"start":{"line":60,"column":9},"end":{"line":60,"column":17}},"1":{"start":{"line":60,"column":17},"end":{"line":60,"column":null}},"2":{"start":{"line":1,"column":23},"end":{"line":1,"column":null}},"3":{"start":{"line":2,"column":21},"end":{"line":2,"column":null}},"4":{"start":{"line":3,"column":39},"end":{"line":3,"column":null}},"5":{"start":{"line":5,"column":19},"end":{"line":5,"column":null}},"6":{"start":{"line":7,"column":23},"end":{"line":36,"column":null}},"7":{"start":{"line":49,"column":15},"end":{"line":49,"column":null}}},"fnMap":{"0":{"name":"Button","decl":{"start":{"line":39,"column":9},"end":{"line":39,"column":16}},"loc":{"start":{"line":48,"column":3},"end":{"line":58,"column":null}}}},"branchMap":{"0":{"loc":{"start":{"line":43,"column":2},"end":{"line":43,"column":17}},"type":"default-arg","locations":[{"start":{"line":43,"column":12},"end":{"line":43,"column":17}}]},"1":{"loc":{"start":{"line":49,"column":15},"end":{"line":49,"column":null}},"type":"cond-expr","locations":[{"start":{"line":49,"column":25},"end":{"line":49,"column":29}},{"start":{"line":49,"column":32},"end":{"line":49,"column":null}}]}},"s":{"0":0,"1":0,"2":0,"3":0,"4":0,"5":0,"6":0,"7":0},"f":{"0":0},"b":{"0":[0],"1":[0,0]}}
,"/opt/gestao-networking/frontend/components/ui/card.tsx": {"path":"/opt/gestao-networking/frontend/components/ui/card.tsx","statementMap":{"0":{"start":{"line":85,"column":2},"end":{"line":85,"column":null}},"1":{"start":{"line":89,"column":2},"end":{"line":89,"column":null}},"2":{"start":{"line":91,"column":2},"end":{"line":91,"column":null}},"3":{"start":{"line":90,"column":2},"end":{"line":90,"column":null}},"4":{"start":{"line":87,"column":2},"end":{"line":87,"column":null}},"5":{"start":{"line":86,"column":2},"end":{"line":86,"column":null}},"6":{"start":{"line":88,"column":2},"end":{"line":88,"column":null}},"7":{"start":{"line":1,"column":23},"end":{"line":1,"column":null}},"8":{"start":{"line":3,"column":19},"end":{"line":3,"column":null}}},"fnMap":{"0":{"name":"Card","decl":{"start":{"line":5,"column":9},"end":{"line":5,"column":14}},"loc":{"start":{"line":5,"column":66},"end":{"line":16,"column":null}}},"1":{"name":"CardHeader","decl":{"start":{"line":18,"column":9},"end":{"line":18,"column":20}},"loc":{"start":{"line":18,"column":72},"end":{"line":29,"column":null}}},"2":{"name":"CardTitle","decl":{"start":{"line":31,"column":9},"end":{"line":31,"column":19}},"loc":{"start":{"line":31,"column":71},"end":{"line":39,"column":null}}},"3":{"name":"CardDescription","decl":{"start":{"line":41,"column":9},"end":{"line":41,"column":25}},"loc":{"start":{"line":41,"column":77},"end":{"line":49,"column":null}}},"4":{"name":"CardAction","decl":{"start":{"line":51,"column":9},"end":{"line":51,"column":20}},"loc":{"start":{"line":51,"column":72},"end":{"line":62,"column":null}}},"5":{"name":"CardContent","decl":{"start":{"line":64,"column":9},"end":{"line":64,"column":21}},"loc":{"start":{"line":64,"column":73},"end":{"line":72,"column":null}}},"6":{"name":"CardFooter","decl":{"start":{"line":74,"column":9},"end":{"line":74,"column":20}},"loc":{"start":{"line":74,"column":72},"end":{"line":82,"column":null}}}},"branchMap":{},"s":{"0":0,"1":0,"2":0,"3":0,"4":0,"5":0,"6":0,"7":0,"8":0},"f":{"0":0,"1":0,"2":0,"3":0,"4":0,"5":0,"6":0},"b":{}}
,"/opt/gestao-networking/frontend/components/ui/input.tsx": {"path":"/opt/gestao-networking/frontend/components/ui/input.tsx","statementMap":{"0":{"start":{"line":21,"column":9},"end":{"line":21,"column":null}},"1":{"start":{"line":1,"column":23},"end":{"line":1,"column":null}},"2":{"start":{"line":3,"column":19},"end":{"line":3,"column":null}}},"fnMap":{"0":{"name":"Input","decl":{"start":{"line":5,"column":9},"end":{"line":5,"column":15}},"loc":{"start":{"line":5,"column":75},"end":{"line":19,"column":null}}}},"branchMap":{},"s":{"0":0,"1":0,"2":0},"f":{"0":0},"b":{}}
,"/opt/gestao-networking/frontend/components/ui/label.tsx": {"path":"/opt/gestao-networking/frontend/components/ui/label.tsx","statementMap":{"0":{"start":{"line":24,"column":9},"end":{"line":24,"column":null}},"1":{"start":{"line":3,"column":23},"end":{"line":3,"column":null}},"2":{"start":{"line":4,"column":32},"end":{"line":4,"column":null}},"3":{"start":{"line":6,"column":19},"end":{"line":6,"column":null}}},"fnMap":{"0":{"name":"Label","decl":{"start":{"line":8,"column":9},"end":{"line":8,"column":15}},"loc":{"start":{"line":11,"column":51},"end":{"line":22,"column":null}}}},"branchMap":{},"s":{"0":0,"1":0,"2":0,"3":0},"f":{"0":0},"b":{}}
,"/opt/gestao-networking/frontend/components/ui/tabs.tsx": {"path":"/opt/gestao-networking/frontend/components/ui/tabs.tsx","statementMap":{"0":{"start":{"line":66,"column":9},"end":{"line":66,"column":15}},"1":{"start":{"line":66,"column":38},"end":{"line":66,"column":null}},"2":{"start":{"line":66,"column":15},"end":{"line":66,"column":25}},"3":{"start":{"line":66,"column":25},"end":{"line":66,"column":38}},"4":{"start":{"line":3,"column":23},"end":{"line":3,"column":null}},"5":{"start":{"line":4,"column":31},"end":{"line":4,"column":null}},"6":{"start":{"line":6,"column":19},"end":{"line":6,"column":null}}},"fnMap":{"0":{"name":"Tabs","decl":{"start":{"line":8,"column":9},"end":{"line":8,"column":14}},"loc":{"start":{"line":11,"column":50},"end":{"line":19,"column":null}}},"1":{"name":"TabsList","decl":{"start":{"line":21,"column":9},"end":{"line":21,"column":18}},"loc":{"start":{"line":24,"column":50},"end":{"line":35,"column":null}}},"2":{"name":"TabsTrigger","decl":{"start":{"line":37,"column":9},"end":{"line":37,"column":21}},"loc":{"start":{"line":40,"column":53},"end":{"line":51,"column":null}}},"3":{"name":"TabsContent","decl":{"start":{"line":53,"column":9},"end":{"line":53,"column":21}},"loc":{"start":{"line":56,"column":53},"end":{"line":64,"column":null}}}},"branchMap":{},"s":{"0":0,"1":0,"2":0,"3":0,"4":0,"5":0,"6":0},"f":{"0":0,"1":0,"2":0,"3":0},"b":{}}
,"/opt/gestao-networking/frontend/components/ui/textarea.tsx": {"path":"/opt/gestao-networking/frontend/components/ui/textarea.tsx","statementMap":{"0":{"start":{"line":18,"column":9},"end":{"line":18,"column":null}},"1":{"start":{"line":1,"column":23},"end":{"line":1,"column":null}},"2":{"start":{"line":3,"column":19},"end":{"line":3,"column":null}}},"fnMap":{"0":{"name":"Textarea","decl":{"start":{"line":5,"column":9},"end":{"line":5,"column":18}},"loc":{"start":{"line":5,"column":75},"end":{"line":16,"column":null}}}},"branchMap":{},"s":{"0":0,"1":0,"2":0},"f":{"0":0},"b":{}}
,"/opt/gestao-networking/frontend/hooks/usePostIntention.ts": {"path":"/opt/gestao-networking/frontend/hooks/usePostIntention.ts","statementMap":{"0":{"start":{"line":16,"column":13},"end":{"line":16,"column":32}},"1":{"start":{"line":1,"column":20},"end":{"line":1,"column":null}},"2":{"start":{"line":2,"column":28},"end":{"line":2,"column":null}},"3":{"start":{"line":11,"column":22},"end":{"line":14,"column":null}},"4":{"start":{"line":12,"column":19},"end":{"line":12,"column":null}},"5":{"start":{"line":13,"column":2},"end":{"line":13,"column":null}},"6":{"start":{"line":16,"column":32},"end":{"line":20,"column":null}},"7":{"start":{"line":17,"column":2},"end":{"line":19,"column":null}}},"fnMap":{"0":{"name":"(anonymous_1)","decl":{"start":{"line":11,"column":22},"end":{"line":11,"column":29}},"loc":{"start":{"line":11,"column":29},"end":{"line":14,"column":null}}},"1":{"name":"(anonymous_2)","decl":{"start":{"line":16,"column":32},"end":{"line":16,"column":null}},"loc":{"start":{"line":16,"column":32},"end":{"line":20,"column":null}}}},"branchMap":{},"s":{"0":0,"1":0,"2":0,"3":0,"4":0,"5":0,"6":0,"7":0},"f":{"0":0,"1":0},"b":{}}
,"/opt/gestao-networking/frontend/hooks/useQueryIntention.ts": {"path":"/opt/gestao-networking/frontend/hooks/useQueryIntention.ts","statementMap":{"0":{"start":{"line":20,"column":13},"end":{"line":20,"column":33}},"1":{"start":{"line":1,"column":20},"end":{"line":1,"column":null}},"2":{"start":{"line":2,"column":29},"end":{"line":2,"column":null}},"3":{"start":{"line":15,"column":21},"end":{"line":18,"column":null}},"4":{"start":{"line":16,"column":19},"end":{"line":16,"column":null}},"5":{"start":{"line":17,"column":2},"end":{"line":17,"column":null}},"6":{"start":{"line":20,"column":33},"end":{"line":25,"column":null}},"7":{"start":{"line":21,"column":2},"end":{"line":24,"column":null}}},"fnMap":{"0":{"name":"(anonymous_1)","decl":{"start":{"line":15,"column":21},"end":{"line":15,"column":null}},"loc":{"start":{"line":15,"column":21},"end":{"line":18,"column":null}}},"1":{"name":"(anonymous_2)","decl":{"start":{"line":20,"column":33},"end":{"line":20,"column":null}},"loc":{"start":{"line":20,"column":33},"end":{"line":25,"column":null}}}},"branchMap":{},"s":{"0":0,"1":0,"2":0,"3":0,"4":0,"5":0,"6":0,"7":0},"f":{"0":0,"1":0},"b":{}}
,"/opt/gestao-networking/frontend/lib/utils.ts": {"path":"/opt/gestao-networking/frontend/lib/utils.ts","statementMap":{"0":{"start":{"line":4,"column":16},"end":{"line":4,"column":19}},"1":{"start":{"line":1,"column":38},"end":{"line":1,"column":null}},"2":{"start":{"line":2,"column":24},"end":{"line":2,"column":null}},"3":{"start":{"line":5,"column":2},"end":{"line":5,"column":null}}},"fnMap":{"0":{"name":"cn","decl":{"start":{"line":4,"column":16},"end":{"line":4,"column":19}},"loc":{"start":{"line":4,"column":42},"end":{"line":6,"column":null}}}},"branchMap":{},"s":{"0":0,"1":0,"2":0,"3":0},"f":{"0":0},"b":{}}
,"/opt/gestao-networking/frontend/providers/query-provider.tsx": {"path":"/opt/gestao-networking/frontend/providers/query-provider.tsx","statementMap":{"0":{"start":{"line":6,"column":16},"end":{"line":6,"column":30}},"1":{"start":{"line":3,"column":49},"end":{"line":3,"column":null}},"2":{"start":{"line":4,"column":36},"end":{"line":4,"column":null}},"3":{"start":{"line":7,"column":24},"end":{"line":7,"column":null}},"4":{"start":{"line":7,"column":39},"end":{"line":7,"column":null}}},"fnMap":{"0":{"name":"QueryProvider","decl":{"start":{"line":6,"column":16},"end":{"line":6,"column":30}},"loc":{"start":{"line":6,"column":67},"end":{"line":11,"column":null}}},"1":{"name":"(anonymous_2)","decl":{"start":{"line":7,"column":33},"end":{"line":7,"column":39}},"loc":{"start":{"line":7,"column":39},"end":{"line":7,"column":null}}}},"branchMap":{},"s":{"0":0,"1":0,"2":0,"3":0,"4":0},"f":{"0":0,"1":0},"b":{}}
,"/opt/gestao-networking/frontend/services/api.ts": {"path":"/opt/gestao-networking/frontend/services/api.ts","statementMap":{"0":{"start":{"line":4,"column":13},"end":{"line":4,"column":19}},"1":{"start":{"line":1,"column":18},"end":{"line":1,"column":null}},"2":{"start":{"line":2,"column":22},"end":{"line":2,"column":null}},"3":{"start":{"line":4,"column":19},"end":{"line":6,"column":null}},"4":{"start":{"line":8,"column":0},"end":{"line":22,"column":null}},"5":{"start":{"line":9,"column":16},"end":{"line":9,"column":null}},"6":{"start":{"line":11,"column":23},"end":{"line":11,"column":null}},"7":{"start":{"line":12,"column":4},"end":{"line":21,"column":null}},"8":{"start":{"line":15,"column":8},"end":{"line":15,"column":null}},"9":{"start":{"line":16,"column":8},"end":{"line":16,"column":null}},"10":{"start":{"line":18,"column":8},"end":{"line":18,"column":null}},"11":{"start":{"line":20,"column":8},"end":{"line":20,"column":null}}},"fnMap":{"0":{"name":"(anonymous_2)","decl":{"start":{"line":9,"column":2},"end":{"line":9,"column":3}},"loc":{"start":{"line":9,"column":16},"end":{"line":9,"column":null}}},"1":{"name":"(anonymous_3)","decl":{"start":{"line":10,"column":2},"end":{"line":10,"column":3}},"loc":{"start":{"line":10,"column":3},"end":{"line":22,"column":null}}}},"branchMap":{"0":{"loc":{"start":{"line":11,"column":23},"end":{"line":11,"column":null}},"type":"binary-expr","locations":[{"start":{"line":11,"column":23},"end":{"line":11,"column":37}},{"start":{"line":11,"column":41},"end":{"line":11,"column":null}}]},"1":{"loc":{"start":{"line":12,"column":4},"end":{"line":21,"column":null}},"type":"switch","locations":[{"start":{"line":13,"column":6},"end":{"line":13,"column":null}},{"start":{"line":14,"column":6},"end":{"line":16,"column":null}},{"start":{"line":17,"column":6},"end":{"line":18,"column":null}},{"start":{"line":19,"column":6},"end":{"line":20,"column":null}}]}},"s":{"0":0,"1":0,"2":0,"3":0,"4":0,"5":0,"6":0,"7":0,"8":0,"9":0,"10":0,"11":0},"f":{"0":0,"1":0},"b":{"0":[0,0],"1":[0,0,0,0]}}
}
