{"/opt/gestao-networking/backend/src/controllers/authController.ts": {"path":"/opt/gestao-networking/backend/src/controllers/authController.ts","statementMap":{"0":{"start":{"line":4,"column":0},"end":{"line":4,"column":7}},"1":{"start":{"line":2,"column":0},"end":{"line":2,"column":55}},"2":{"start":{"line":5,"column":20},"end":{"line":5,"column":28}},"3":{"start":{"line":7,"column":2},"end":{"line":9,"column":3}},"4":{"start":{"line":8,"column":4},"end":{"line":8,"column":67}},"5":{"start":{"line":11,"column":2},"end":{"line":16,"column":3}},"6":{"start":{"line":12,"column":23},"end":{"line":12,"column":67}},"7":{"start":{"line":13,"column":4},"end":{"line":13,"column":89}},"8":{"start":{"line":15,"column":4},"end":{"line":15,"column":51}}},"fnMap":{"0":{"name":"validateToken","decl":{"start":{"line":4,"column":22},"end":{"line":4,"column":35}},"loc":{"start":{"line":4,"column":63},"end":{"line":17,"column":1}}}},"branchMap":{"0":{"loc":{"start":{"line":7,"column":2},"end":{"line":9,"column":3}},"type":"if","locations":[{"start":{"line":7,"column":2},"end":{"line":9,"column":3}},{"start":{},"end":{}}]}},"s":{"0":1,"1":1,"2":3,"3":3,"4":1,"5":2,"6":2,"7":1,"8":1},"f":{"0":3},"b":{"0":[1,2]}}
,"/opt/gestao-networking/backend/src/controllers/indicationController.ts": {"path":"/opt/gestao-networking/backend/src/controllers/indicationController.ts","statementMap":{"0":{"start":{"line":4,"column":0},"end":{"line":4,"column":7}},"1":{"start":{"line":13,"column":0},"end":{"line":13,"column":7}},"2":{"start":{"line":18,"column":0},"end":{"line":18,"column":7}},"3":{"start":{"line":25,"column":0},"end":{"line":25,"column":7}},"4":{"start":{"line":35,"column":0},"end":{"line":35,"column":7}},"5":{"start":{"line":2,"column":0},"end":{"line":2,"column":67}},"6":{"start":{"line":5,"column":2},"end":{"line":10,"column":3}},"7":{"start":{"line":6,"column":23},"end":{"line":6,"column":73}},"8":{"start":{"line":7,"column":4},"end":{"line":7,"column":37}},"9":{"start":{"line":9,"column":4},"end":{"line":9,"column":51}},"10":{"start":{"line":14,"column":22},"end":{"line":14,"column":62}},"11":{"start":{"line":15,"column":2},"end":{"line":15,"column":24}},"12":{"start":{"line":19,"column":19},"end":{"line":19,"column":46}},"13":{"start":{"line":20,"column":21},"end":{"line":20,"column":72}},"14":{"start":{"line":21,"column":2},"end":{"line":21,"column":86}},"15":{"start":{"line":21,"column":19},"end":{"line":21,"column":86}},"16":{"start":{"line":22,"column":2},"end":{"line":22,"column":23}},"17":{"start":{"line":26,"column":19},"end":{"line":26,"column":46}},"18":{"start":{"line":27,"column":2},"end":{"line":32,"column":3}},"19":{"start":{"line":28,"column":23},"end":{"line":28,"column":83}},"20":{"start":{"line":29,"column":4},"end":{"line":29,"column":25}},"21":{"start":{"line":31,"column":4},"end":{"line":31,"column":51}},"22":{"start":{"line":36,"column":19},"end":{"line":36,"column":46}},"23":{"start":{"line":37,"column":2},"end":{"line":42,"column":3}},"24":{"start":{"line":38,"column":4},"end":{"line":38,"column":55}},"25":{"start":{"line":39,"column":4},"end":{"line":39,"column":27}},"26":{"start":{"line":41,"column":4},"end":{"line":41,"column":51}}},"fnMap":{"0":{"name":"create","decl":{"start":{"line":4,"column":22},"end":{"line":4,"column":28}},"loc":{"start":{"line":4,"column":56},"end":{"line":11,"column":1}}},"1":{"name":"getAll","decl":{"start":{"line":13,"column":22},"end":{"line":13,"column":28}},"loc":{"start":{"line":13,"column":56},"end":{"line":16,"column":1}}},"2":{"name":"getById","decl":{"start":{"line":18,"column":22},"end":{"line":18,"column":29}},"loc":{"start":{"line":18,"column":57},"end":{"line":23,"column":1}}},"3":{"name":"update","decl":{"start":{"line":25,"column":22},"end":{"line":25,"column":28}},"loc":{"start":{"line":25,"column":56},"end":{"line":33,"column":1}}},"4":{"name":"remove","decl":{"start":{"line":35,"column":22},"end":{"line":35,"column":28}},"loc":{"start":{"line":35,"column":56},"end":{"line":43,"column":1}}}},"branchMap":{"0":{"loc":{"start":{"line":21,"column":2},"end":{"line":21,"column":86}},"type":"if","locations":[{"start":{"line":21,"column":2},"end":{"line":21,"column":86}},{"start":{},"end":{}}]}},"s":{"0":1,"1":1,"2":1,"3":1,"4":1,"5":1,"6":2,"7":2,"8":1,"9":1,"10":1,"11":1,"12":2,"13":2,"14":2,"15":1,"16":1,"17":2,"18":2,"19":2,"20":1,"21":1,"22":2,"23":2,"24":2,"25":1,"26":1},"f":{"0":2,"1":1,"2":2,"3":2,"4":2},"b":{"0":[1,1]}}
,"/opt/gestao-networking/backend/src/controllers/intentionController.ts": {"path":"/opt/gestao-networking/backend/src/controllers/intentionController.ts","statementMap":{"0":{"start":{"line":4,"column":0},"end":{"line":4,"column":7}},"1":{"start":{"line":13,"column":0},"end":{"line":13,"column":7}},"2":{"start":{"line":18,"column":0},"end":{"line":18,"column":7}},"3":{"start":{"line":25,"column":0},"end":{"line":25,"column":7}},"4":{"start":{"line":35,"column":0},"end":{"line":35,"column":7}},"5":{"start":{"line":45,"column":0},"end":{"line":45,"column":7}},"6":{"start":{"line":55,"column":0},"end":{"line":55,"column":7}},"7":{"start":{"line":2,"column":0},"end":{"line":2,"column":65}},"8":{"start":{"line":5,"column":2},"end":{"line":10,"column":3}},"9":{"start":{"line":6,"column":22},"end":{"line":6,"column":70}},"10":{"start":{"line":7,"column":4},"end":{"line":7,"column":36}},"11":{"start":{"line":9,"column":4},"end":{"line":9,"column":51}},"12":{"start":{"line":14,"column":21},"end":{"line":14,"column":59}},"13":{"start":{"line":15,"column":2},"end":{"line":15,"column":23}},"14":{"start":{"line":19,"column":19},"end":{"line":19,"column":46}},"15":{"start":{"line":20,"column":20},"end":{"line":20,"column":69}},"16":{"start":{"line":21,"column":2},"end":{"line":21,"column":84}},"17":{"start":{"line":21,"column":18},"end":{"line":21,"column":84}},"18":{"start":{"line":22,"column":2},"end":{"line":22,"column":22}},"19":{"start":{"line":26,"column":19},"end":{"line":26,"column":46}},"20":{"start":{"line":27,"column":2},"end":{"line":32,"column":3}},"21":{"start":{"line":28,"column":22},"end":{"line":28,"column":80}},"22":{"start":{"line":29,"column":4},"end":{"line":29,"column":24}},"23":{"start":{"line":31,"column":4},"end":{"line":31,"column":51}},"24":{"start":{"line":36,"column":19},"end":{"line":36,"column":46}},"25":{"start":{"line":37,"column":2},"end":{"line":42,"column":3}},"26":{"start":{"line":38,"column":19},"end":{"line":38,"column":68}},"27":{"start":{"line":39,"column":4},"end":{"line":39,"column":21}},"28":{"start":{"line":41,"column":4},"end":{"line":41,"column":51}},"29":{"start":{"line":46,"column":19},"end":{"line":46,"column":46}},"30":{"start":{"line":47,"column":2},"end":{"line":52,"column":3}},"31":{"start":{"line":48,"column":19},"end":{"line":48,"column":67}},"32":{"start":{"line":49,"column":4},"end":{"line":49,"column":21}},"33":{"start":{"line":51,"column":4},"end":{"line":51,"column":51}},"34":{"start":{"line":56,"column":19},"end":{"line":56,"column":46}},"35":{"start":{"line":57,"column":2},"end":{"line":62,"column":3}},"36":{"start":{"line":58,"column":4},"end":{"line":58,"column":53}},"37":{"start":{"line":59,"column":4},"end":{"line":59,"column":27}},"38":{"start":{"line":61,"column":4},"end":{"line":61,"column":51}}},"fnMap":{"0":{"name":"create","decl":{"start":{"line":4,"column":22},"end":{"line":4,"column":28}},"loc":{"start":{"line":4,"column":56},"end":{"line":11,"column":1}}},"1":{"name":"getAll","decl":{"start":{"line":13,"column":22},"end":{"line":13,"column":28}},"loc":{"start":{"line":13,"column":56},"end":{"line":16,"column":1}}},"2":{"name":"getById","decl":{"start":{"line":18,"column":22},"end":{"line":18,"column":29}},"loc":{"start":{"line":18,"column":57},"end":{"line":23,"column":1}}},"3":{"name":"update","decl":{"start":{"line":25,"column":22},"end":{"line":25,"column":28}},"loc":{"start":{"line":25,"column":56},"end":{"line":33,"column":1}}},"4":{"name":"approve","decl":{"start":{"line":35,"column":22},"end":{"line":35,"column":29}},"loc":{"start":{"line":35,"column":57},"end":{"line":43,"column":1}}},"5":{"name":"refuse","decl":{"start":{"line":45,"column":22},"end":{"line":45,"column":28}},"loc":{"start":{"line":45,"column":56},"end":{"line":53,"column":1}}},"6":{"name":"remove","decl":{"start":{"line":55,"column":22},"end":{"line":55,"column":28}},"loc":{"start":{"line":55,"column":56},"end":{"line":63,"column":1}}}},"branchMap":{"0":{"loc":{"start":{"line":21,"column":2},"end":{"line":21,"column":84}},"type":"if","locations":[{"start":{"line":21,"column":2},"end":{"line":21,"column":84}},{"start":{},"end":{}}]}},"s":{"0":1,"1":1,"2":1,"3":1,"4":1,"5":1,"6":1,"7":1,"8":2,"9":2,"10":1,"11":1,"12":1,"13":1,"14":2,"15":2,"16":2,"17":1,"18":1,"19":2,"20":2,"21":2,"22":1,"23":1,"24":2,"25":2,"26":2,"27":1,"28":1,"29":2,"30":2,"31":2,"32":1,"33":1,"34":2,"35":2,"36":2,"37":1,"38":1},"f":{"0":2,"1":1,"2":2,"3":2,"4":2,"5":2,"6":2},"b":{"0":[1,1]}}
,"/opt/gestao-networking/backend/src/controllers/memberController.ts": {"path":"/opt/gestao-networking/backend/src/controllers/memberController.ts","statementMap":{"0":{"start":{"line":4,"column":0},"end":{"line":4,"column":7}},"1":{"start":{"line":13,"column":0},"end":{"line":13,"column":7}},"2":{"start":{"line":18,"column":0},"end":{"line":18,"column":7}},"3":{"start":{"line":25,"column":0},"end":{"line":25,"column":7}},"4":{"start":{"line":35,"column":0},"end":{"line":35,"column":7}},"5":{"start":{"line":45,"column":0},"end":{"line":45,"column":7}},"6":{"start":{"line":2,"column":0},"end":{"line":2,"column":59}},"7":{"start":{"line":5,"column":2},"end":{"line":10,"column":3}},"8":{"start":{"line":6,"column":19},"end":{"line":6,"column":61}},"9":{"start":{"line":7,"column":4},"end":{"line":7,"column":33}},"10":{"start":{"line":9,"column":4},"end":{"line":9,"column":51}},"11":{"start":{"line":14,"column":18},"end":{"line":14,"column":50}},"12":{"start":{"line":15,"column":2},"end":{"line":15,"column":20}},"13":{"start":{"line":19,"column":19},"end":{"line":19,"column":46}},"14":{"start":{"line":20,"column":17},"end":{"line":20,"column":60}},"15":{"start":{"line":21,"column":2},"end":{"line":21,"column":79}},"16":{"start":{"line":21,"column":15},"end":{"line":21,"column":79}},"17":{"start":{"line":22,"column":2},"end":{"line":22,"column":19}},"18":{"start":{"line":26,"column":19},"end":{"line":26,"column":46}},"19":{"start":{"line":27,"column":2},"end":{"line":32,"column":3}},"20":{"start":{"line":28,"column":19},"end":{"line":28,"column":71}},"21":{"start":{"line":29,"column":4},"end":{"line":29,"column":21}},"22":{"start":{"line":31,"column":4},"end":{"line":31,"column":51}},"23":{"start":{"line":36,"column":19},"end":{"line":36,"column":46}},"24":{"start":{"line":37,"column":2},"end":{"line":42,"column":3}},"25":{"start":{"line":38,"column":4},"end":{"line":38,"column":47}},"26":{"start":{"line":39,"column":4},"end":{"line":39,"column":27}},"27":{"start":{"line":41,"column":4},"end":{"line":41,"column":51}},"28":{"start":{"line":46,"column":33},"end":{"line":46,"column":41}},"29":{"start":{"line":48,"column":2},"end":{"line":50,"column":3}},"30":{"start":{"line":49,"column":4},"end":{"line":49,"column":93}},"31":{"start":{"line":52,"column":2},"end":{"line":57,"column":3}},"32":{"start":{"line":53,"column":26},"end":{"line":53,"column":89}},"33":{"start":{"line":54,"column":4},"end":{"line":54,"column":40}},"34":{"start":{"line":56,"column":4},"end":{"line":56,"column":51}}},"fnMap":{"0":{"name":"create","decl":{"start":{"line":4,"column":22},"end":{"line":4,"column":28}},"loc":{"start":{"line":4,"column":56},"end":{"line":11,"column":1}}},"1":{"name":"getAll","decl":{"start":{"line":13,"column":22},"end":{"line":13,"column":28}},"loc":{"start":{"line":13,"column":56},"end":{"line":16,"column":1}}},"2":{"name":"getById","decl":{"start":{"line":18,"column":22},"end":{"line":18,"column":29}},"loc":{"start":{"line":18,"column":57},"end":{"line":23,"column":1}}},"3":{"name":"update","decl":{"start":{"line":25,"column":22},"end":{"line":25,"column":28}},"loc":{"start":{"line":25,"column":56},"end":{"line":33,"column":1}}},"4":{"name":"remove","decl":{"start":{"line":35,"column":22},"end":{"line":35,"column":28}},"loc":{"start":{"line":35,"column":56},"end":{"line":43,"column":1}}},"5":{"name":"completeRegistration","decl":{"start":{"line":45,"column":22},"end":{"line":45,"column":42}},"loc":{"start":{"line":45,"column":70},"end":{"line":58,"column":1}}}},"branchMap":{"0":{"loc":{"start":{"line":21,"column":2},"end":{"line":21,"column":79}},"type":"if","locations":[{"start":{"line":21,"column":2},"end":{"line":21,"column":79}},{"start":{},"end":{}}]},"1":{"loc":{"start":{"line":48,"column":2},"end":{"line":50,"column":3}},"type":"if","locations":[{"start":{"line":48,"column":2},"end":{"line":50,"column":3}},{"start":{},"end":{}}]}},"s":{"0":1,"1":1,"2":1,"3":1,"4":1,"5":1,"6":1,"7":2,"8":2,"9":1,"10":1,"11":1,"12":1,"13":2,"14":2,"15":2,"16":1,"17":1,"18":2,"19":2,"20":2,"21":1,"22":1,"23":2,"24":2,"25":2,"26":1,"27":1,"28":3,"29":3,"30":1,"31":2,"32":2,"33":1,"34":1},"f":{"0":2,"1":1,"2":2,"3":2,"4":2,"5":3},"b":{"0":[1,1],"1":[1,2]}}
,"/opt/gestao-networking/backend/src/services/authService.ts": {"path":"/opt/gestao-networking/backend/src/services/authService.ts","statementMap":{"0":{"start":{"line":3,"column":0},"end":{"line":3,"column":7}},"1":{"start":{"line":1,"column":0},"end":{"line":1,"column":46}},"2":{"start":{"line":4,"column":17},"end":{"line":6,"column":4}},"3":{"start":{"line":8,"column":2},"end":{"line":10,"column":3}},"4":{"start":{"line":9,"column":4},"end":{"line":9,"column":57}},"5":{"start":{"line":15,"column":2},"end":{"line":15,"column":73}}},"fnMap":{"0":{"name":"validateMemberToken","decl":{"start":{"line":3,"column":22},"end":{"line":3,"column":41}},"loc":{"start":{"line":3,"column":55},"end":{"line":16,"column":1}}}},"branchMap":{"0":{"loc":{"start":{"line":8,"column":2},"end":{"line":10,"column":3}},"type":"if","locations":[{"start":{"line":8,"column":2},"end":{"line":10,"column":3}},{"start":{},"end":{}}]}},"s":{"0":2,"1":2,"2":2,"3":2,"4":1,"5":1},"f":{"0":2},"b":{"0":[1,1]}}
,"/opt/gestao-networking/backend/src/services/indicationService.ts": {"path":"/opt/gestao-networking/backend/src/services/indicationService.ts","statementMap":{"0":{"start":{"line":4,"column":0},"end":{"line":4,"column":7}},"1":{"start":{"line":10,"column":0},"end":{"line":10,"column":7}},"2":{"start":{"line":14,"column":0},"end":{"line":14,"column":7}},"3":{"start":{"line":18,"column":0},"end":{"line":18,"column":7}},"4":{"start":{"line":25,"column":0},"end":{"line":25,"column":7}},"5":{"start":{"line":1,"column":0},"end":{"line":1,"column":46}},"6":{"start":{"line":7,"column":2},"end":{"line":7,"column":44}},"7":{"start":{"line":11,"column":2},"end":{"line":11,"column":38}},"8":{"start":{"line":15,"column":2},"end":{"line":15,"column":64}},"9":{"start":{"line":19,"column":2},"end":{"line":22,"column":5}},"10":{"start":{"line":26,"column":2},"end":{"line":26,"column":60}}},"fnMap":{"0":{"name":"createIndication","decl":{"start":{"line":4,"column":22},"end":{"line":4,"column":38}},"loc":{"start":{"line":5,"column":97},"end":{"line":8,"column":1}}},"1":{"name":"getIndications","decl":{"start":{"line":10,"column":22},"end":{"line":10,"column":36}},"loc":{"start":{"line":10,"column":36},"end":{"line":12,"column":1}}},"2":{"name":"getIndicationById","decl":{"start":{"line":14,"column":22},"end":{"line":14,"column":39}},"loc":{"start":{"line":14,"column":57},"end":{"line":16,"column":1}}},"3":{"name":"updateIndication","decl":{"start":{"line":18,"column":22},"end":{"line":18,"column":38}},"loc":{"start":{"line":18,"column":83},"end":{"line":23,"column":1}}},"4":{"name":"deleteIndication","decl":{"start":{"line":25,"column":22},"end":{"line":25,"column":38}},"loc":{"start":{"line":25,"column":56},"end":{"line":27,"column":1}}}},"branchMap":{},"s":{"0":2,"1":2,"2":2,"3":2,"4":2,"5":2,"6":1,"7":1,"8":2,"9":1,"10":1},"f":{"0":1,"1":1,"2":2,"3":1,"4":1},"b":{}}
,"/opt/gestao-networking/backend/src/services/intentionService.ts": {"path":"/opt/gestao-networking/backend/src/services/intentionService.ts","statementMap":{"0":{"start":{"line":5,"column":0},"end":{"line":5,"column":7}},"1":{"start":{"line":11,"column":0},"end":{"line":11,"column":7}},"2":{"start":{"line":19,"column":0},"end":{"line":19,"column":7}},"3":{"start":{"line":23,"column":0},"end":{"line":23,"column":7}},"4":{"start":{"line":38,"column":0},"end":{"line":38,"column":7}},"5":{"start":{"line":83,"column":0},"end":{"line":83,"column":7}},"6":{"start":{"line":100,"column":0},"end":{"line":100,"column":7}},"7":{"start":{"line":1,"column":0},"end":{"line":1,"column":46}},"8":{"start":{"line":3,"column":0},"end":{"line":3,"column":37}},"9":{"start":{"line":8,"column":2},"end":{"line":8,"column":43}},"10":{"start":{"line":12,"column":2},"end":{"line":16,"column":5}},"11":{"start":{"line":20,"column":2},"end":{"line":20,"column":63}},"12":{"start":{"line":27,"column":2},"end":{"line":27,"column":65}},"13":{"start":{"line":28,"column":2},"end":{"line":28,"column":55}},"14":{"start":{"line":30,"column":27},"end":{"line":33,"column":4}},"15":{"start":{"line":35,"column":2},"end":{"line":35,"column":41}},"16":{"start":{"line":39,"column":2},"end":{"line":80,"column":3}},"17":{"start":{"line":40,"column":22},"end":{"line":42,"column":6}},"18":{"start":{"line":44,"column":4},"end":{"line":46,"column":5}},"19":{"start":{"line":45,"column":6},"end":{"line":45,"column":49}},"20":{"start":{"line":48,"column":4},"end":{"line":50,"column":5}},"21":{"start":{"line":49,"column":6},"end":{"line":49,"column":56}},"22":{"start":{"line":52,"column":27},"end":{"line":54,"column":6}},"23":{"start":{"line":56,"column":4},"end":{"line":58,"column":5}},"24":{"start":{"line":57,"column":6},"end":{"line":57,"column":65}},"25":{"start":{"line":60,"column":29},"end":{"line":63,"column":6}},"26":{"start":{"line":65,"column":18},"end":{"line":65,"column":49}},"27":{"start":{"line":66,"column":22},"end":{"line":74,"column":6}},"28":{"start":{"line":76,"column":4},"end":{"line":76,"column":62}},"29":{"start":{"line":78,"column":4},"end":{"line":78,"column":55}},"30":{"start":{"line":79,"column":4},"end":{"line":79,"column":16}},"31":{"start":{"line":84,"column":20},"end":{"line":86,"column":4}},"32":{"start":{"line":88,"column":2},"end":{"line":90,"column":3}},"33":{"start":{"line":89,"column":4},"end":{"line":89,"column":47}},"34":{"start":{"line":92,"column":27},"end":{"line":95,"column":4}},"35":{"start":{"line":97,"column":2},"end":{"line":97,"column":41}},"36":{"start":{"line":101,"column":2},"end":{"line":101,"column":59}}},"fnMap":{"0":{"name":"createIntention","decl":{"start":{"line":5,"column":22},"end":{"line":5,"column":37}},"loc":{"start":{"line":6,"column":73},"end":{"line":9,"column":1}}},"1":{"name":"getIntentions","decl":{"start":{"line":11,"column":22},"end":{"line":11,"column":35}},"loc":{"start":{"line":11,"column":35},"end":{"line":17,"column":1}}},"2":{"name":"getIntentionById","decl":{"start":{"line":19,"column":22},"end":{"line":19,"column":38}},"loc":{"start":{"line":19,"column":56},"end":{"line":21,"column":1}}},"3":{"name":"updateIntention","decl":{"start":{"line":23,"column":22},"end":{"line":23,"column":37}},"loc":{"start":{"line":25,"column":26},"end":{"line":36,"column":1}}},"4":{"name":"approveIntention","decl":{"start":{"line":38,"column":22},"end":{"line":38,"column":38}},"loc":{"start":{"line":38,"column":56},"end":{"line":81,"column":1}}},"5":{"name":"refuseIntention","decl":{"start":{"line":83,"column":22},"end":{"line":83,"column":37}},"loc":{"start":{"line":83,"column":55},"end":{"line":98,"column":1}}},"6":{"name":"deleteIntention","decl":{"start":{"line":100,"column":22},"end":{"line":100,"column":37}},"loc":{"start":{"line":100,"column":55},"end":{"line":102,"column":1}}}},"branchMap":{"0":{"loc":{"start":{"line":44,"column":4},"end":{"line":46,"column":5}},"type":"if","locations":[{"start":{"line":44,"column":4},"end":{"line":46,"column":5}},{"start":{},"end":{}}]},"1":{"loc":{"start":{"line":48,"column":4},"end":{"line":50,"column":5}},"type":"if","locations":[{"start":{"line":48,"column":4},"end":{"line":50,"column":5}},{"start":{},"end":{}}]},"2":{"loc":{"start":{"line":56,"column":4},"end":{"line":58,"column":5}},"type":"if","locations":[{"start":{"line":56,"column":4},"end":{"line":58,"column":5}},{"start":{},"end":{}}]},"3":{"loc":{"start":{"line":88,"column":2},"end":{"line":90,"column":3}},"type":"if","locations":[{"start":{"line":88,"column":2},"end":{"line":90,"column":3}},{"start":{},"end":{}}]}},"s":{"0":2,"1":2,"2":2,"3":2,"4":2,"5":2,"6":2,"7":2,"8":2,"9":1,"10":1,"11":2,"12":1,"13":1,"14":1,"15":1,"16":4,"17":4,"18":4,"19":1,"20":3,"21":1,"22":2,"23":2,"24":1,"25":1,"26":1,"27":1,"28":1,"29":3,"30":3,"31":2,"32":2,"33":1,"34":1,"35":1,"36":1},"f":{"0":1,"1":1,"2":2,"3":1,"4":4,"5":2,"6":1},"b":{"0":[1,3],"1":[1,2],"2":[1,1],"3":[1,1]}}
,"/opt/gestao-networking/backend/src/services/memberService.ts": {"path":"/opt/gestao-networking/backend/src/services/memberService.ts","statementMap":{"0":{"start":{"line":4,"column":0},"end":{"line":4,"column":7}},"1":{"start":{"line":10,"column":0},"end":{"line":10,"column":7}},"2":{"start":{"line":14,"column":0},"end":{"line":14,"column":7}},"3":{"start":{"line":18,"column":0},"end":{"line":18,"column":7}},"4":{"start":{"line":25,"column":0},"end":{"line":25,"column":7}},"5":{"start":{"line":29,"column":0},"end":{"line":29,"column":7}},"6":{"start":{"line":1,"column":0},"end":{"line":1,"column":46}},"7":{"start":{"line":7,"column":2},"end":{"line":7,"column":40}},"8":{"start":{"line":11,"column":2},"end":{"line":11,"column":34}},"9":{"start":{"line":15,"column":2},"end":{"line":15,"column":60}},"10":{"start":{"line":19,"column":2},"end":{"line":22,"column":5}},"11":{"start":{"line":26,"column":2},"end":{"line":26,"column":56}},"12":{"start":{"line":30,"column":25},"end":{"line":32,"column":4}},"13":{"start":{"line":34,"column":2},"end":{"line":36,"column":3}},"14":{"start":{"line":35,"column":4},"end":{"line":35,"column":64}},"15":{"start":{"line":38,"column":24},"end":{"line":55,"column":4}},"16":{"start":{"line":57,"column":2},"end":{"line":57,"column":23}}},"fnMap":{"0":{"name":"createMember","decl":{"start":{"line":4,"column":22},"end":{"line":4,"column":34}},"loc":{"start":{"line":5,"column":70},"end":{"line":8,"column":1}}},"1":{"name":"getMembers","decl":{"start":{"line":10,"column":22},"end":{"line":10,"column":32}},"loc":{"start":{"line":10,"column":32},"end":{"line":12,"column":1}}},"2":{"name":"getMemberById","decl":{"start":{"line":14,"column":22},"end":{"line":14,"column":35}},"loc":{"start":{"line":14,"column":53},"end":{"line":16,"column":1}}},"3":{"name":"updateMember","decl":{"start":{"line":18,"column":22},"end":{"line":18,"column":34}},"loc":{"start":{"line":18,"column":75},"end":{"line":23,"column":1}}},"4":{"name":"deleteMember","decl":{"start":{"line":25,"column":22},"end":{"line":25,"column":34}},"loc":{"start":{"line":25,"column":52},"end":{"line":27,"column":1}}},"5":{"name":"completeMemberRegistration","decl":{"start":{"line":29,"column":22},"end":{"line":29,"column":48}},"loc":{"start":{"line":29,"column":77},"end":{"line":58,"column":1}}}},"branchMap":{"0":{"loc":{"start":{"line":34,"column":2},"end":{"line":36,"column":3}},"type":"if","locations":[{"start":{"line":34,"column":2},"end":{"line":36,"column":3}},{"start":{},"end":{}}]}},"s":{"0":2,"1":2,"2":2,"3":2,"4":2,"5":2,"6":2,"7":1,"8":1,"9":2,"10":1,"11":1,"12":2,"13":2,"14":1,"15":1,"16":1},"f":{"0":1,"1":1,"2":2,"3":1,"4":1,"5":2},"b":{"0":[1,1]}}
}
