TN:
SF:src/controllers/authController.ts
FN:4,validateToken
FNF:1
FNH:1
FNDA:3,validateToken
DA:2,1
DA:4,1
DA:5,3
DA:7,3
DA:8,1
DA:11,2
DA:12,2
DA:13,1
DA:15,1
LF:9
LH:9
BRDA:7,0,0,1
BRDA:7,0,1,2
BRF:2
BRH:2
end_of_record
TN:
SF:src/controllers/indicationController.ts
FN:4,create
FN:13,getAll
FN:18,getById
FN:25,update
FN:35,remove
FNF:5
FNH:5
FNDA:2,create
FNDA:1,getAll
FNDA:2,getById
FNDA:2,update
FNDA:2,remove
DA:2,1
DA:4,1
DA:5,2
DA:6,2
DA:7,1
DA:9,1
DA:13,1
DA:14,1
DA:15,1
DA:18,1
DA:19,2
DA:20,2
DA:21,2
DA:22,1
DA:25,1
DA:26,2
DA:27,2
DA:28,2
DA:29,1
DA:31,1
DA:35,1
DA:36,2
DA:37,2
DA:38,2
DA:39,1
DA:41,1
LF:26
LH:26
BRDA:21,0,0,1
BRDA:21,0,1,1
BRF:2
BRH:2
end_of_record
TN:
SF:src/controllers/intentionController.ts
FN:4,create
FN:13,getAll
FN:18,getById
FN:25,update
FN:35,approve
FN:45,refuse
FN:55,remove
FNF:7
FNH:7
FNDA:2,create
FNDA:1,getAll
FNDA:2,getById
FNDA:2,update
FNDA:2,approve
FNDA:2,refuse
FNDA:2,remove
DA:2,1
DA:4,1
DA:5,2
DA:6,2
DA:7,1
DA:9,1
DA:13,1
DA:14,1
DA:15,1
DA:18,1
DA:19,2
DA:20,2
DA:21,2
DA:22,1
DA:25,1
DA:26,2
DA:27,2
DA:28,2
DA:29,1
DA:31,1
DA:35,1
DA:36,2
DA:37,2
DA:38,2
DA:39,1
DA:41,1
DA:45,1
DA:46,2
DA:47,2
DA:48,2
DA:49,1
DA:51,1
DA:55,1
DA:56,2
DA:57,2
DA:58,2
DA:59,1
DA:61,1
LF:38
LH:38
BRDA:21,0,0,1
BRDA:21,0,1,1
BRF:2
BRH:2
end_of_record
TN:
SF:src/controllers/memberController.ts
FN:4,create
FN:13,getAll
FN:18,getById
FN:25,update
FN:35,remove
FN:45,completeRegistration
FNF:6
FNH:6
FNDA:2,create
FNDA:1,getAll
FNDA:2,getById
FNDA:2,update
FNDA:2,remove
FNDA:3,completeRegistration
DA:2,1
DA:4,1
DA:5,2
DA:6,2
DA:7,1
DA:9,1
DA:13,1
DA:14,1
DA:15,1
DA:18,1
DA:19,2
DA:20,2
DA:21,2
DA:22,1
DA:25,1
DA:26,2
DA:27,2
DA:28,2
DA:29,1
DA:31,1
DA:35,1
DA:36,2
DA:37,2
DA:38,2
DA:39,1
DA:41,1
DA:45,1
DA:46,3
DA:48,3
DA:49,1
DA:52,2
DA:53,2
DA:54,1
DA:56,1
LF:34
LH:34
BRDA:21,0,0,1
BRDA:21,0,1,1
BRDA:48,1,0,1
BRDA:48,1,1,2
BRF:4
BRH:4
end_of_record
TN:
SF:src/services/authService.ts
FN:3,validateMemberToken
FNF:1
FNH:1
FNDA:2,validateMemberToken
DA:1,2
DA:3,2
DA:4,2
DA:8,2
DA:9,1
DA:15,1
LF:6
LH:6
BRDA:8,0,0,1
BRDA:8,0,1,1
BRF:2
BRH:2
end_of_record
TN:
SF:src/services/indicationService.ts
FN:4,createIndication
FN:10,getIndications
FN:14,getIndicationById
FN:18,updateIndication
FN:25,deleteIndication
FNF:5
FNH:5
FNDA:1,createIndication
FNDA:1,getIndications
FNDA:2,getIndicationById
FNDA:1,updateIndication
FNDA:1,deleteIndication
DA:1,2
DA:4,2
DA:7,1
DA:10,2
DA:11,1
DA:14,2
DA:15,2
DA:18,2
DA:19,1
DA:25,2
DA:26,1
LF:11
LH:11
BRF:0
BRH:0
end_of_record
TN:
SF:src/services/intentionService.ts
FN:5,createIntention
FN:11,getIntentions
FN:19,getIntentionById
FN:23,updateIntention
FN:38,approveIntention
FN:83,refuseIntention
FN:100,deleteIntention
FNF:7
FNH:7
FNDA:1,createIntention
FNDA:1,getIntentions
FNDA:2,getIntentionById
FNDA:1,updateIntention
FNDA:4,approveIntention
FNDA:2,refuseIntention
FNDA:1,deleteIntention
DA:1,2
DA:3,2
DA:5,2
DA:8,1
DA:11,2
DA:12,1
DA:19,2
DA:20,2
DA:23,2
DA:27,1
DA:28,1
DA:30,1
DA:35,1
DA:38,2
DA:39,4
DA:40,4
DA:44,4
DA:45,1
DA:48,3
DA:49,1
DA:52,2
DA:56,2
DA:57,1
DA:60,1
DA:65,1
DA:66,1
DA:76,1
DA:78,3
DA:79,3
DA:83,2
DA:84,2
DA:88,2
DA:89,1
DA:92,1
DA:97,1
DA:100,2
DA:101,1
LF:37
LH:37
BRDA:44,0,0,1
BRDA:44,0,1,3
BRDA:48,1,0,1
BRDA:48,1,1,2
BRDA:56,2,0,1
BRDA:56,2,1,1
BRDA:88,3,0,1
BRDA:88,3,1,1
BRF:8
BRH:8
end_of_record
TN:
SF:src/services/memberService.ts
FN:4,createMember
FN:10,getMembers
FN:14,getMemberById
FN:18,updateMember
FN:25,deleteMember
FN:29,completeMemberRegistration
FNF:6
FNH:6
FNDA:1,createMember
FNDA:1,getMembers
FNDA:2,getMemberById
FNDA:1,updateMember
FNDA:1,deleteMember
FNDA:2,completeMemberRegistration
DA:1,2
DA:4,2
DA:7,1
DA:10,2
DA:11,1
DA:14,2
DA:15,2
DA:18,2
DA:19,1
DA:25,2
DA:26,1
DA:29,2
DA:30,2
DA:34,2
DA:35,1
DA:38,1
DA:57,1
LF:17
LH:17
BRDA:34,0,0,1
BRDA:34,0,1,1
BRF:2
BRH:2
end_of_record
